{"C:\\Users\\Emmanuel\\Documents\\React_Projects\\Red-Tetris\\src\\client\\actions\\index.js":{"path":"C:\\Users\\Emmanuel\\Documents\\React_Projects\\Red-Tetris\\src\\client\\actions\\index.js","statementMap":{"0":{"start":{"line":3,"column":51},"end":{"line":3,"column":355}},"1":{"start":{"line":3,"column":126},"end":{"line":3,"column":181}},"2":{"start":{"line":3,"column":160},"end":{"line":3,"column":178}},"3":{"start":{"line":3,"column":191},"end":{"line":3,"column":353}},"4":{"start":{"line":3,"column":225},"end":{"line":3,"column":350}},"5":{"start":{"line":3,"column":356},"end":{"line":3,"column":376}},"6":{"start":{"line":5,"column":0},"end":{"line":7,"column":3}},"7":{"start":{"line":8,"column":0},"end":{"line":8,"column":272}},"8":{"start":{"line":10,"column":17},"end":{"line":10,"column":78}},"9":{"start":{"line":12,"column":38},"end":{"line":12,"column":85}},"10":{"start":{"line":12,"column":73},"end":{"line":12,"column":85}},"11":{"start":{"line":12,"column":98},"end":{"line":12,"column":111}},"12":{"start":{"line":12,"column":113},"end":{"line":12,"column":194}},"13":{"start":{"line":12,"column":178},"end":{"line":12,"column":191}},"14":{"start":{"line":12,"column":195},"end":{"line":12,"column":208}},"15":{"start":{"line":14,"column":40},"end":{"line":14,"column":82}},"16":{"start":{"line":14,"column":69},"end":{"line":14,"column":80}},"17":{"start":{"line":14,"column":83},"end":{"line":14,"column":187}},"18":{"start":{"line":14,"column":161},"end":{"line":14,"column":185}},"19":{"start":{"line":14,"column":200},"end":{"line":14,"column":226}},"20":{"start":{"line":14,"column":228},"end":{"line":14,"column":283}},"21":{"start":{"line":14,"column":259},"end":{"line":14,"column":281}},"22":{"start":{"line":14,"column":297},"end":{"line":14,"column":299}},"23":{"start":{"line":14,"column":329},"end":{"line":14,"column":385}},"24":{"start":{"line":14,"column":387},"end":{"line":14,"column":667}},"25":{"start":{"line":14,"column":410},"end":{"line":14,"column":665}},"26":{"start":{"line":14,"column":475},"end":{"line":14,"column":547}},"27":{"start":{"line":14,"column":549},"end":{"line":14,"column":663}},"28":{"start":{"line":14,"column":587},"end":{"line":14,"column":628}},"29":{"start":{"line":14,"column":638},"end":{"line":14,"column":661}},"30":{"start":{"line":14,"column":668},"end":{"line":14,"column":689}},"31":{"start":{"line":14,"column":690},"end":{"line":14,"column":728}},"32":{"start":{"line":14,"column":703},"end":{"line":14,"column":726}},"33":{"start":{"line":14,"column":729},"end":{"line":14,"column":743}},"34":{"start":{"line":16,"column":18},"end":{"line":21,"column":1}},"35":{"start":{"line":17,"column":2},"end":{"line":20,"column":4}},"36":{"start":{"line":23,"column":0},"end":{"line":23,"column":34}},"37":{"start":{"line":25,"column":21},"end":{"line":31,"column":1}},"38":{"start":{"line":26,"column":2},"end":{"line":30,"column":4}},"39":{"start":{"line":33,"column":0},"end":{"line":33,"column":40}},"40":{"start":{"line":35,"column":18},"end":{"line":39,"column":1}},"41":{"start":{"line":36,"column":2},"end":{"line":38,"column":4}},"42":{"start":{"line":41,"column":0},"end":{"line":41,"column":34}},"43":{"start":{"line":43,"column":21},"end":{"line":47,"column":1}},"44":{"start":{"line":44,"column":2},"end":{"line":46,"column":4}},"45":{"start":{"line":49,"column":0},"end":{"line":49,"column":40}},"46":{"start":{"line":51,"column":20},"end":{"line":55,"column":1}},"47":{"start":{"line":52,"column":2},"end":{"line":54,"column":4}},"48":{"start":{"line":57,"column":0},"end":{"line":57,"column":38}},"49":{"start":{"line":59,"column":20},"end":{"line":63,"column":1}},"50":{"start":{"line":60,"column":2},"end":{"line":62,"column":4}},"51":{"start":{"line":65,"column":0},"end":{"line":65,"column":38}},"52":{"start":{"line":67,"column":20},"end":{"line":71,"column":1}},"53":{"start":{"line":68,"column":2},"end":{"line":70,"column":4}},"54":{"start":{"line":73,"column":0},"end":{"line":73,"column":38}},"55":{"start":{"line":75,"column":15},"end":{"line":82,"column":1}},"56":{"start":{"line":76,"column":2},"end":{"line":81,"column":4}},"57":{"start":{"line":84,"column":0},"end":{"line":84,"column":28}},"58":{"start":{"line":86,"column":16},"end":{"line":91,"column":1}},"59":{"start":{"line":87,"column":2},"end":{"line":90,"column":4}},"60":{"start":{"line":93,"column":0},"end":{"line":93,"column":30}},"61":{"start":{"line":95,"column":15},"end":{"line":101,"column":1}},"62":{"start":{"line":96,"column":2},"end":{"line":100,"column":4}},"63":{"start":{"line":103,"column":0},"end":{"line":103,"column":28}},"64":{"start":{"line":105,"column":17},"end":{"line":110,"column":1}},"65":{"start":{"line":106,"column":2},"end":{"line":109,"column":4}},"66":{"start":{"line":112,"column":0},"end":{"line":112,"column":32}},"67":{"start":{"line":114,"column":16},"end":{"line":119,"column":1}},"68":{"start":{"line":115,"column":2},"end":{"line":118,"column":4}},"69":{"start":{"line":121,"column":0},"end":{"line":121,"column":30}}},"fnMap":{"0":{"name":"_typeof","decl":{"start":{"line":3,"column":9},"end":{"line":3,"column":16}},"loc":{"start":{"line":3,"column":22},"end":{"line":3,"column":378}},"line":3},"1":{"name":"_typeof","decl":{"start":{"line":3,"column":145},"end":{"line":3,"column":152}},"loc":{"start":{"line":3,"column":158},"end":{"line":3,"column":180}},"line":3},"2":{"name":"_typeof","decl":{"start":{"line":3,"column":210},"end":{"line":3,"column":217}},"loc":{"start":{"line":3,"column":223},"end":{"line":3,"column":352}},"line":3},"3":{"name":"_getRequireWildcardCache","decl":{"start":{"line":12,"column":9},"end":{"line":12,"column":33}},"loc":{"start":{"line":12,"column":36},"end":{"line":12,"column":210}},"line":12},"4":{"name":"_getRequireWildcardCache","decl":{"start":{"line":12,"column":149},"end":{"line":12,"column":173}},"loc":{"start":{"line":12,"column":176},"end":{"line":12,"column":193}},"line":12},"5":{"name":"_interopRequireWildcard","decl":{"start":{"line":14,"column":9},"end":{"line":14,"column":32}},"loc":{"start":{"line":14,"column":38},"end":{"line":14,"column":745}},"line":14},"6":{"name":"updateState","decl":{"start":{"line":16,"column":27},"end":{"line":16,"column":38}},"loc":{"start":{"line":16,"column":46},"end":{"line":21,"column":1}},"line":16},"7":{"name":"addBlockedRows","decl":{"start":{"line":25,"column":30},"end":{"line":25,"column":44}},"loc":{"start":{"line":25,"column":73},"end":{"line":31,"column":1}},"line":25},"8":{"name":"rotatePiece","decl":{"start":{"line":35,"column":27},"end":{"line":35,"column":38}},"loc":{"start":{"line":35,"column":41},"end":{"line":39,"column":1}},"line":35},"9":{"name":"movePieceRight","decl":{"start":{"line":43,"column":30},"end":{"line":43,"column":44}},"loc":{"start":{"line":43,"column":47},"end":{"line":47,"column":1}},"line":43},"10":{"name":"movePieceDown","decl":{"start":{"line":51,"column":29},"end":{"line":51,"column":42}},"loc":{"start":{"line":51,"column":45},"end":{"line":55,"column":1}},"line":51},"11":{"name":"movePieceLeft","decl":{"start":{"line":59,"column":29},"end":{"line":59,"column":42}},"loc":{"start":{"line":59,"column":45},"end":{"line":63,"column":1}},"line":59},"12":{"name":"dropPieceDown","decl":{"start":{"line":67,"column":29},"end":{"line":67,"column":42}},"loc":{"start":{"line":67,"column":45},"end":{"line":71,"column":1}},"line":67},"13":{"name":"joinRoom","decl":{"start":{"line":75,"column":24},"end":{"line":75,"column":32}},"loc":{"start":{"line":75,"column":55},"end":{"line":82,"column":1}},"line":75},"14":{"name":"startGame","decl":{"start":{"line":86,"column":25},"end":{"line":86,"column":34}},"loc":{"start":{"line":86,"column":37},"end":{"line":91,"column":1}},"line":86},"15":{"name":"putPiece","decl":{"start":{"line":95,"column":24},"end":{"line":95,"column":32}},"loc":{"start":{"line":95,"column":40},"end":{"line":101,"column":1}},"line":95},"16":{"name":"finishGame","decl":{"start":{"line":105,"column":26},"end":{"line":105,"column":36}},"loc":{"start":{"line":105,"column":39},"end":{"line":110,"column":1}},"line":105},"17":{"name":"resetGame","decl":{"start":{"line":114,"column":25},"end":{"line":114,"column":34}},"loc":{"start":{"line":114,"column":37},"end":{"line":119,"column":1}},"line":114}},"branchMap":{"0":{"loc":{"start":{"line":3,"column":51},"end":{"line":3,"column":355}},"type":"if","locations":[{"start":{"line":3,"column":51},"end":{"line":3,"column":355}},{"start":{"line":3,"column":51},"end":{"line":3,"column":355}}],"line":3},"1":{"loc":{"start":{"line":3,"column":55},"end":{"line":3,"column":122}},"type":"binary-expr","locations":[{"start":{"line":3,"column":55},"end":{"line":3,"column":83}},{"start":{"line":3,"column":87},"end":{"line":3,"column":122}}],"line":3},"2":{"loc":{"start":{"line":3,"column":232},"end":{"line":3,"column":349}},"type":"cond-expr","locations":[{"start":{"line":3,"column":328},"end":{"line":3,"column":336}},{"start":{"line":3,"column":339},"end":{"line":3,"column":349}}],"line":3},"3":{"loc":{"start":{"line":3,"column":232},"end":{"line":3,"column":325}},"type":"binary-expr","locations":[{"start":{"line":3,"column":232},"end":{"line":3,"column":235}},{"start":{"line":3,"column":239},"end":{"line":3,"column":267}},{"start":{"line":3,"column":271},"end":{"line":3,"column":297}},{"start":{"line":3,"column":301},"end":{"line":3,"column":325}}],"line":3},"4":{"loc":{"start":{"line":12,"column":38},"end":{"line":12,"column":85}},"type":"if","locations":[{"start":{"line":12,"column":38},"end":{"line":12,"column":85}},{"start":{"line":12,"column":38},"end":{"line":12,"column":85}}],"line":12},"5":{"loc":{"start":{"line":14,"column":40},"end":{"line":14,"column":82}},"type":"if","locations":[{"start":{"line":14,"column":40},"end":{"line":14,"column":82}},{"start":{"line":14,"column":40},"end":{"line":14,"column":82}}],"line":14},"6":{"loc":{"start":{"line":14,"column":44},"end":{"line":14,"column":65}},"type":"binary-expr","locations":[{"start":{"line":14,"column":44},"end":{"line":14,"column":47}},{"start":{"line":14,"column":51},"end":{"line":14,"column":65}}],"line":14},"7":{"loc":{"start":{"line":14,"column":83},"end":{"line":14,"column":187}},"type":"if","locations":[{"start":{"line":14,"column":83},"end":{"line":14,"column":187}},{"start":{"line":14,"column":83},"end":{"line":14,"column":187}}],"line":14},"8":{"loc":{"start":{"line":14,"column":87},"end":{"line":14,"column":157}},"type":"binary-expr","locations":[{"start":{"line":14,"column":87},"end":{"line":14,"column":99}},{"start":{"line":14,"column":103},"end":{"line":14,"column":128}},{"start":{"line":14,"column":132},"end":{"line":14,"column":157}}],"line":14},"9":{"loc":{"start":{"line":14,"column":228},"end":{"line":14,"column":283}},"type":"if","locations":[{"start":{"line":14,"column":228},"end":{"line":14,"column":283}},{"start":{"line":14,"column":228},"end":{"line":14,"column":283}}],"line":14},"10":{"loc":{"start":{"line":14,"column":232},"end":{"line":14,"column":255}},"type":"binary-expr","locations":[{"start":{"line":14,"column":232},"end":{"line":14,"column":237}},{"start":{"line":14,"column":241},"end":{"line":14,"column":255}}],"line":14},"11":{"loc":{"start":{"line":14,"column":329},"end":{"line":14,"column":385}},"type":"binary-expr","locations":[{"start":{"line":14,"column":329},"end":{"line":14,"column":350}},{"start":{"line":14,"column":354},"end":{"line":14,"column":385}}],"line":14},"12":{"loc":{"start":{"line":14,"column":410},"end":{"line":14,"column":665}},"type":"if","locations":[{"start":{"line":14,"column":410},"end":{"line":14,"column":665}},{"start":{"line":14,"column":410},"end":{"line":14,"column":665}}],"line":14},"13":{"loc":{"start":{"line":14,"column":475},"end":{"line":14,"column":547}},"type":"cond-expr","locations":[{"start":{"line":14,"column":499},"end":{"line":14,"column":540}},{"start":{"line":14,"column":543},"end":{"line":14,"column":547}}],"line":14},"14":{"loc":{"start":{"line":14,"column":549},"end":{"line":14,"column":663}},"type":"if","locations":[{"start":{"line":14,"column":549},"end":{"line":14,"column":663}},{"start":{"line":14,"column":549},"end":{"line":14,"column":663}}],"line":14},"15":{"loc":{"start":{"line":14,"column":553},"end":{"line":14,"column":583}},"type":"binary-expr","locations":[{"start":{"line":14,"column":553},"end":{"line":14,"column":557}},{"start":{"line":14,"column":562},"end":{"line":14,"column":570}},{"start":{"line":14,"column":574},"end":{"line":14,"column":582}}],"line":14},"16":{"loc":{"start":{"line":14,"column":690},"end":{"line":14,"column":728}},"type":"if","locations":[{"start":{"line":14,"column":690},"end":{"line":14,"column":728}},{"start":{"line":14,"column":690},"end":{"line":14,"column":728}}],"line":14}},"s":{"0":0,"1":0,"2":0,"3":0,"4":0,"5":0,"6":0,"7":0,"8":0,"9":0,"10":0,"11":0,"12":0,"13":0,"14":0,"15":0,"16":0,"17":0,"18":0,"19":0,"20":0,"21":0,"22":0,"23":0,"24":0,"25":0,"26":0,"27":0,"28":0,"29":0,"30":0,"31":0,"32":0,"33":0,"34":0,"35":0,"36":0,"37":0,"38":0,"39":0,"40":0,"41":0,"42":0,"43":0,"44":0,"45":0,"46":0,"47":0,"48":0,"49":0,"50":0,"51":0,"52":0,"53":0,"54":0,"55":0,"56":0,"57":0,"58":0,"59":0,"60":0,"61":0,"62":0,"63":0,"64":0,"65":0,"66":0,"67":0,"68":0,"69":0},"f":{"0":0,"1":0,"2":0,"3":0,"4":0,"5":0,"6":0,"7":0,"8":0,"9":0,"10":0,"11":0,"12":0,"13":0,"14":0,"15":0,"16":0,"17":0},"b":{"0":[0,0],"1":[0,0],"2":[0,0],"3":[0,0,0,0],"4":[0,0],"5":[0,0],"6":[0,0],"7":[0,0],"8":[0,0,0],"9":[0,0],"10":[0,0],"11":[0,0],"12":[0,0],"13":[0,0],"14":[0,0],"15":[0,0,0],"16":[0,0]},"inputSourceMap":{"version":3,"sources":["index.js"],"names":["updateState","state","type","actionType","UPDATE_STATE","addBlockedRows","numberOfBlockedRows","ADD_BLOCKED_ROWS","rotatePiece","ROTATE_PIECE","movePieceRight","MOVE_PIECE_RIGHT","movePieceDown","MOVE_PIECE_DOWN","movePieceLeft","MOVE_PIECE_LEFT","dropPieceDown","DROP_PIECE_DOWN","joinRoom","roomName","playerName","JOIN_ROOM","outgoing","startGame","START_GAME","putPiece","piece","PUT_PIECE","finishGame","FINISH_GAME","resetGame","RESET_GAME"],"mappings":";;;;;;;;;AAAA;;;;;;AAEA,IAAMA,WAAW,GAAG,SAAdA,WAAc,CAAAC,KAAK;AAAA,SAAK;AAC5BC,IAAAA,IAAI,EAAEC,UAAU,CAACC,YADW;AAE5BH,IAAAA,KAAK,EAALA;AAF4B,GAAL;AAAA,CAAzB;;;;AAKA,IAAMI,cAAc,GAAG,SAAjBA,cAAiB,CAACC,mBAAD,EAAsBL,KAAtB;AAAA,SAAiC;AACtDC,IAAAA,IAAI,EAAEC,UAAU,CAACI,gBADqC;AAEtDD,IAAAA,mBAAmB,EAAnBA,mBAFsD;AAGtDL,IAAAA,KAAK,EAALA;AAHsD,GAAjC;AAAA,CAAvB;;;;AAMA,IAAMO,WAAW,GAAG,SAAdA,WAAc;AAAA,SAAO;AACzBN,IAAAA,IAAI,EAAEC,UAAU,CAACM;AADQ,GAAP;AAAA,CAApB;;;;AAIA,IAAMC,cAAc,GAAG,SAAjBA,cAAiB;AAAA,SAAO;AAC5BR,IAAAA,IAAI,EAAEC,UAAU,CAACQ;AADW,GAAP;AAAA,CAAvB;;;;AAIA,IAAMC,aAAa,GAAG,SAAhBA,aAAgB;AAAA,SAAO;AAC3BV,IAAAA,IAAI,EAAEC,UAAU,CAACU;AADU,GAAP;AAAA,CAAtB;;;;AAIA,IAAMC,aAAa,GAAG,SAAhBA,aAAgB;AAAA,SAAO;AAC3BZ,IAAAA,IAAI,EAAEC,UAAU,CAACY;AADU,GAAP;AAAA,CAAtB;;;;AAIA,IAAMC,aAAa,GAAG,SAAhBA,aAAgB;AAAA,SAAO;AAC3Bd,IAAAA,IAAI,EAAEC,UAAU,CAACc;AADU,GAAP;AAAA,CAAtB;;;;AAIA,IAAMC,QAAQ,GAAG,SAAXA,QAAW,CAACC,QAAD,EAAWC,UAAX;AAAA,SAA2B;AAC1ClB,IAAAA,IAAI,EAAEC,UAAU,CAACkB,SADyB;AAE1CC,IAAAA,QAAQ,EAAE,IAFgC;AAG1CH,IAAAA,QAAQ,EAARA,QAH0C;AAI1CC,IAAAA,UAAU,EAAVA;AAJ0C,GAA3B;AAAA,CAAjB;;;;AAOA,IAAMG,SAAS,GAAG,SAAZA,SAAY;AAAA,SAAO;AACvBrB,IAAAA,IAAI,EAAEC,UAAU,CAACqB,UADM;AAEvBF,IAAAA,QAAQ,EAAE;AAFa,GAAP;AAAA,CAAlB;;;;AAKA,IAAMG,QAAQ,GAAG,SAAXA,QAAW,CAAAC,KAAK;AAAA,SAAK;AACzBxB,IAAAA,IAAI,EAAEC,UAAU,CAACwB,SADQ;AAEzBL,IAAAA,QAAQ,EAAE,IAFe;AAGzBI,IAAAA,KAAK,EAALA;AAHyB,GAAL;AAAA,CAAtB;;;;AAMA,IAAME,UAAU,GAAG,SAAbA,UAAa;AAAA,SAAO;AACxB1B,IAAAA,IAAI,EAAEC,UAAU,CAAC0B,WADO;AAExBP,IAAAA,QAAQ,EAAE;AAFc,GAAP;AAAA,CAAnB;;;;AAKA,IAAMQ,SAAS,GAAG,SAAZA,SAAY;AAAA,SAAO;AACvB5B,IAAAA,IAAI,EAAEC,UAAU,CAAC4B,UADM;AAEvBT,IAAAA,QAAQ,EAAE;AAFa,GAAP;AAAA,CAAlB","sourceRoot":"C:\\Users\\Emmanuel\\Documents\\React_Projects\\Red-Tetris\\src\\client\\actions","sourcesContent":["import * as actionType from '../constants/action-types';\n\nconst updateState = state => ({\n  type: actionType.UPDATE_STATE,\n  state,\n});\n\nconst addBlockedRows = (numberOfBlockedRows, state) => ({\n  type: actionType.ADD_BLOCKED_ROWS,\n  numberOfBlockedRows,\n  state,\n});\n\nconst rotatePiece = () => ({\n  type: actionType.ROTATE_PIECE,\n});\n\nconst movePieceRight = () => ({\n  type: actionType.MOVE_PIECE_RIGHT,\n});\n\nconst movePieceDown = () => ({\n  type: actionType.MOVE_PIECE_DOWN,\n});\n\nconst movePieceLeft = () => ({\n  type: actionType.MOVE_PIECE_LEFT,\n});\n\nconst dropPieceDown = () => ({\n  type: actionType.DROP_PIECE_DOWN,\n});\n\nconst joinRoom = (roomName, playerName) => ({\n  type: actionType.JOIN_ROOM,\n  outgoing: true,\n  roomName,\n  playerName,\n});\n\nconst startGame = () => ({\n  type: actionType.START_GAME,\n  outgoing: true,\n});\n\nconst putPiece = piece => ({\n  type: actionType.PUT_PIECE,\n  outgoing: true,\n  piece,\n});\n\nconst finishGame = () => ({\n  type: actionType.FINISH_GAME,\n  outgoing: true,\n});\n\nconst resetGame = () => ({\n  type: actionType.RESET_GAME,\n  outgoing: true,\n});\n\nexport {\n  updateState,\n  addBlockedRows,\n  rotatePiece,\n  movePieceRight,\n  movePieceDown,\n  movePieceLeft,\n  dropPieceDown,\n  joinRoom,\n  startGame,\n  putPiece,\n  finishGame,\n  resetGame,\n};\n"]},"all":true},"C:\\Users\\Emmanuel\\Documents\\React_Projects\\Red-Tetris\\src\\client\\app.js":{"path":"C:\\Users\\Emmanuel\\Documents\\React_Projects\\Red-Tetris\\src\\client\\app.js","statementMap":{"0":{"start":{"line":3,"column":13},"end":{"line":3,"column":53}},"1":{"start":{"line":5,"column":16},"end":{"line":5,"column":60}},"2":{"start":{"line":7,"column":13},"end":{"line":7,"column":31}},"3":{"start":{"line":9,"column":18},"end":{"line":9,"column":40}},"4":{"start":{"line":11,"column":11},"end":{"line":11,"column":38}},"5":{"start":{"line":13,"column":11},"end":{"line":13,"column":27}},"6":{"start":{"line":15,"column":17},"end":{"line":15,"column":39}},"7":{"start":{"line":17,"column":15},"end":{"line":17,"column":35}},"8":{"start":{"line":19,"column":14},"end":{"line":19,"column":31}},"9":{"start":{"line":21,"column":39},"end":{"line":21,"column":93}},"10":{"start":{"line":23,"column":16},"end":{"line":23,"column":56}},"11":{"start":{"line":24,"column":15},"end":{"line":24,"column":33}},"12":{"start":{"line":25,"column":17},"end":{"line":25,"column":37}},"13":{"start":{"line":27,"column":0},"end":{"line":29,"column":1}},"14":{"start":{"line":28,"column":2},"end":{"line":28,"column":70}},"15":{"start":{"line":31,"column":0},"end":{"line":31,"column":49}},"16":{"start":{"line":33,"column":0},"end":{"line":35,"column":85}},"17":{"start":{"line":37,"column":0},"end":{"line":39,"column":4}}},"fnMap":{"0":{"name":"_interopRequireDefault","decl":{"start":{"line":21,"column":9},"end":{"line":21,"column":31}},"loc":{"start":{"line":21,"column":37},"end":{"line":21,"column":95}},"line":21}},"branchMap":{"0":{"loc":{"start":{"line":21,"column":46},"end":{"line":21,"column":92}},"type":"cond-expr","locations":[{"start":{"line":21,"column":70},"end":{"line":21,"column":73}},{"start":{"line":21,"column":76},"end":{"line":21,"column":92}}],"line":21},"1":{"loc":{"start":{"line":21,"column":46},"end":{"line":21,"column":67}},"type":"binary-expr","locations":[{"start":{"line":21,"column":46},"end":{"line":21,"column":49}},{"start":{"line":21,"column":53},"end":{"line":21,"column":67}}],"line":21},"2":{"loc":{"start":{"line":27,"column":0},"end":{"line":29,"column":1}},"type":"if","locations":[{"start":{"line":27,"column":0},"end":{"line":29,"column":1}},{"start":{"line":27,"column":0},"end":{"line":29,"column":1}}],"line":27},"3":{"loc":{"start":{"line":27,"column":4},"end":{"line":27,"column":80}},"type":"binary-expr","locations":[{"start":{"line":27,"column":4},"end":{"line":27,"column":39}},{"start":{"line":27,"column":43},"end":{"line":27,"column":80}}],"line":27}},"s":{"0":0,"1":0,"2":0,"3":0,"4":0,"5":0,"6":0,"7":0,"8":0,"9":0,"10":0,"11":0,"12":0,"13":0,"14":0,"15":0,"16":0,"17":0},"f":{"0":0},"b":{"0":[0,0],"1":[0,0],"2":[0,0],"3":[0,0]},"inputSourceMap":{"version":3,"sources":["app.js"],"names":["window","location","href","roomName","playerName","store","dispatch","subscribe","stateListener","ReactDom","render","document","getElementById","addEventListener","keyPressListener","maxWait"],"mappings":";;AAAA;;AACA;;AACA;;AACA;;AACA;;AACA;;AACA;;AACA;;AACA;;;;gBAEiC,mBAASA,MAAM,CAACC,QAAP,CAAgBC,IAAzB,C;IAAzBC,Q,aAAAA,Q;IAAUC,U,aAAAA,U;;AAElB,IAAI,CAAC,yBAAYD,QAAZ,CAAD,IAA0B,CAAC,yBAAYC,UAAZ,CAA/B,EAAwD;AACtDC,eAAMC,QAAN,CAAe,uBAASH,QAAT,EAAmBC,UAAnB,CAAf;AACD;;AAEDC,aAAME,SAAN,CAAgBC,wBAAhB;;AAEAC,kBAASC,MAAT,CACE,6BAAC,oBAAD;AAAU,EAAA,KAAK,EAAEL;AAAjB,GACE,6BAAC,QAAD,OADF,CADF,EAIEM,QAAQ,CAACC,cAAT,CAAwB,QAAxB,CAJF;;AAOAD,QAAQ,CAACE,gBAAT,CAA0B,SAA1B,EAAqC,sBAASC,2BAAT,EAA2B,GAA3B,EAAgC;AAAEC,EAAAA,OAAO,EAAE;AAAX,CAAhC,CAArC","sourceRoot":"C:\\Users\\Emmanuel\\Documents\\React_Projects\\Red-Tetris\\src\\client","sourcesContent":["import React from 'react';\nimport ReactDom from 'react-dom';\nimport { store } from './store';\nimport { Provider } from 'react-redux';\nimport { App } from './containers/app';\nimport { parseUrl } from './url';\nimport { stateListener, keyPressListener } from './listeners';\nimport { joinRoom } from './actions';\nimport { isUndefined, debounce } from 'lodash';\n\nconst { roomName, playerName } = parseUrl(window.location.href);\n\nif (!isUndefined(roomName) && !isUndefined(playerName)) {\n  store.dispatch(joinRoom(roomName, playerName));\n}\n\nstore.subscribe(stateListener);\n\nReactDom.render(\n  <Provider store={store}>\n    <App />\n  </Provider>,\n  document.getElementById('tetris')\n);\n\ndocument.addEventListener('keydown', debounce(keyPressListener, 150, { maxWait: 150 }));\n"]},"all":true},"C:\\Users\\Emmanuel\\Documents\\React_Projects\\Red-Tetris\\src\\client\\components\\Board.js":{"path":"C:\\Users\\Emmanuel\\Documents\\React_Projects\\Red-Tetris\\src\\client\\components\\Board.js","statementMap":{"0":{"start":{"line":3,"column":0},"end":{"line":5,"column":3}},"1":{"start":{"line":6,"column":0},"end":{"line":6,"column":23}},"2":{"start":{"line":8,"column":13},"end":{"line":8,"column":53}},"3":{"start":{"line":10,"column":0},"end":{"line":10,"column":32}},"4":{"start":{"line":12,"column":12},"end":{"line":12,"column":29}},"5":{"start":{"line":14,"column":39},"end":{"line":14,"column":93}},"6":{"start":{"line":17,"column":12},"end":{"line":32,"column":1}},"7":{"start":{"line":18,"column":15},"end":{"line":18,"column":26}},"8":{"start":{"line":19,"column":2},"end":{"line":31,"column":6}},"9":{"start":{"line":22,"column":4},"end":{"line":30,"column":8}},"10":{"start":{"line":26,"column":6},"end":{"line":29,"column":9}},"11":{"start":{"line":34,"column":0},"end":{"line":34,"column":22}}},"fnMap":{"0":{"name":"_interopRequireDefault","decl":{"start":{"line":14,"column":9},"end":{"line":14,"column":31}},"loc":{"start":{"line":14,"column":37},"end":{"line":14,"column":95}},"line":14},"1":{"name":"Board","decl":{"start":{"line":17,"column":21},"end":{"line":17,"column":26}},"loc":{"start":{"line":17,"column":33},"end":{"line":32,"column":1}},"line":17},"2":{"name":"(anonymous_2)","decl":{"start":{"line":21,"column":16},"end":{"line":21,"column":17}},"loc":{"start":{"line":21,"column":34},"end":{"line":31,"column":3}},"line":21},"3":{"name":"(anonymous_3)","decl":{"start":{"line":25,"column":15},"end":{"line":25,"column":16}},"loc":{"start":{"line":25,"column":38},"end":{"line":30,"column":5}},"line":25}},"branchMap":{"0":{"loc":{"start":{"line":14,"column":46},"end":{"line":14,"column":92}},"type":"cond-expr","locations":[{"start":{"line":14,"column":70},"end":{"line":14,"column":73}},{"start":{"line":14,"column":76},"end":{"line":14,"column":92}}],"line":14},"1":{"loc":{"start":{"line":14,"column":46},"end":{"line":14,"column":67}},"type":"binary-expr","locations":[{"start":{"line":14,"column":46},"end":{"line":14,"column":49}},{"start":{"line":14,"column":53},"end":{"line":14,"column":67}}],"line":14}},"s":{"0":0,"1":0,"2":0,"3":0,"4":0,"5":0,"6":0,"7":0,"8":0,"9":0,"10":0,"11":0},"f":{"0":0,"1":0,"2":0,"3":0},"b":{"0":[0,0],"1":[0,0]},"inputSourceMap":{"version":3,"sources":["Board.js"],"names":["Board","blocks","map","row","y","cellType","x"],"mappings":";;;;;;;AAAA;;AACA;;AACA;;;;AAEA;AACO,IAAMA,KAAK,GAAG,SAARA,KAAQ;AAAA,MAAGC,MAAH,QAAGA,MAAH;AAAA,SACnB;AAAK,IAAA,SAAS,EAAC;AAAf,KAEGA,MAAM,CAACC,GAAP,CAAW,UAACC,GAAD,EAAMC,CAAN;AAAA,WACV;AAAK,MAAA,SAAS,EAAC,KAAf;AAAqB,MAAA,GAAG,EAAEA;AAA1B,OAEGD,GAAG,CAACD,GAAJ,CAAQ,UAACG,QAAD,EAAWC,CAAX;AAAA,aACP,6BAAC,UAAD;AAAM,QAAA,IAAI,EAAED,QAAZ;AAAsB,QAAA,GAAG,EAAEC;AAA3B,QADO;AAAA,KAAR,CAFH,CADU;AAAA,GAAX,CAFH,CADmB;AAAA,CAAd","sourceRoot":"C:\\Users\\Emmanuel\\Documents\\React_Projects\\Red-Tetris\\src\\client\\components","sourcesContent":["import React from 'react';\nimport '../styles/Board.scss'\nimport { Cell } from './Cell';\n\n//pass a 2D array.\nexport const Board = ({ blocks }) => (\n  <div className=\"board\">\n\n    {blocks.map((row, y) => (\n      <div className=\"row\" key={y}>\n\n        {row.map((cellType, x) => (\n          <Cell type={cellType} key={x} />\n        ))}\n        \n      </div>\n    ))}\n\n  </div>\n);\n"]},"all":true},"C:\\Users\\Emmanuel\\Documents\\React_Projects\\Red-Tetris\\src\\client\\components\\Cell.js":{"path":"C:\\Users\\Emmanuel\\Documents\\React_Projects\\Red-Tetris\\src\\client\\components\\Cell.js","statementMap":{"0":{"start":{"line":3,"column":0},"end":{"line":5,"column":3}},"1":{"start":{"line":6,"column":0},"end":{"line":6,"column":22}},"2":{"start":{"line":8,"column":13},"end":{"line":8,"column":53}},"3":{"start":{"line":10,"column":18},"end":{"line":10,"column":63}},"4":{"start":{"line":12,"column":39},"end":{"line":12,"column":93}},"5":{"start":{"line":14,"column":16},"end":{"line":18,"column":1}},"6":{"start":{"line":20,"column":11},"end":{"line":32,"column":1}},"7":{"start":{"line":21,"column":13},"end":{"line":21,"column":22}},"8":{"start":{"line":22,"column":18},"end":{"line":28,"column":4}},"9":{"start":{"line":29,"column":2},"end":{"line":31,"column":5}},"10":{"start":{"line":34,"column":0},"end":{"line":34,"column":20}}},"fnMap":{"0":{"name":"_interopRequireDefault","decl":{"start":{"line":12,"column":9},"end":{"line":12,"column":31}},"loc":{"start":{"line":12,"column":37},"end":{"line":12,"column":95}},"line":12},"1":{"name":"Cell","decl":{"start":{"line":20,"column":20},"end":{"line":20,"column":24}},"loc":{"start":{"line":20,"column":31},"end":{"line":32,"column":1}},"line":20}},"branchMap":{"0":{"loc":{"start":{"line":12,"column":46},"end":{"line":12,"column":92}},"type":"cond-expr","locations":[{"start":{"line":12,"column":70},"end":{"line":12,"column":73}},{"start":{"line":12,"column":76},"end":{"line":12,"column":92}}],"line":12},"1":{"loc":{"start":{"line":12,"column":46},"end":{"line":12,"column":67}},"type":"binary-expr","locations":[{"start":{"line":12,"column":46},"end":{"line":12,"column":49}},{"start":{"line":12,"column":53},"end":{"line":12,"column":67}}],"line":12}},"s":{"0":0,"1":0,"2":0,"3":0,"4":0,"5":0,"6":0,"7":0,"8":0,"9":0,"10":0},"f":{"0":0,"1":0},"b":{"0":[0,0],"1":[0,0]},"inputSourceMap":{"version":3,"sources":["Cell.js"],"names":["constants","EMPTY","FILLED","BLOCKED","Cell","type","className"],"mappings":";;;;;;;AAAA;;AACA;;;;AAEA,IAAMA,SAAS,GAAG;AAEhBC,EAAAA,KAAK,EAAG,CAFQ;AAIhBC,EAAAA,MAAM,EAAE,CAJQ;AAMhBC,EAAAA,OAAO,EAAE,CAAC;AANM,CAAlB;;AAUO,IAAMC,IAAI,GAAG,SAAPA,IAAO,OAAc;AAAA,MAAXC,IAAW,QAAXA,IAAW;AAChC,MAAMC,SAAS,GAAG,yBAChB,MADgB,EAEhB;AACE,aAASD,IAAI,KAAKL,SAAS,CAACC;AAD9B,GAFgB,EAKhB;AACE,cAAUI,IAAI,KAAKL,SAAS,CAACE;AAD/B,GALgB,EAQhB;AACE,eAAWG,IAAI,KAAKL,SAAS,CAACG;AADhC,GARgB,CAAlB;AAaA,SAAO;AAAK,IAAA,SAAS,EAAEG;AAAhB,IAAP;AACD,CAfM","sourceRoot":"C:\\Users\\Emmanuel\\Documents\\React_Projects\\Red-Tetris\\src\\client\\components","sourcesContent":["import React from 'react';\nimport classNames from 'classnames';\n\nconst constants = {\n\n  EMPTY : 0,\n\n  FILLED: 1,\n\n  BLOCKED: -1\n}\n\n\nexport const Cell = ({ type }) => {\n  const className = classNames(\n    'cell',\n    { \n      'empty': type === constants.EMPTY \n    },\n    { \n      'filled': type === constants.FILLED\n    },\n    { \n      'blocked': type === constants.BLOCKED\n    }\n  );\n\n  return <div className={className} />;\n};\n"]},"all":true},"C:\\Users\\Emmanuel\\Documents\\React_Projects\\Red-Tetris\\src\\client\\components\\ControlButton.js":{"path":"C:\\Users\\Emmanuel\\Documents\\React_Projects\\Red-Tetris\\src\\client\\components\\ControlButton.js","statementMap":{"0":{"start":{"line":3,"column":0},"end":{"line":5,"column":3}},"1":{"start":{"line":6,"column":0},"end":{"line":6,"column":31}},"2":{"start":{"line":8,"column":13},"end":{"line":8,"column":53}},"3":{"start":{"line":10,"column":39},"end":{"line":10,"column":93}},"4":{"start":{"line":12,"column":20},"end":{"line":19,"column":1}},"5":{"start":{"line":13,"column":14},"end":{"line":13,"column":24}},"6":{"start":{"line":14,"column":16},"end":{"line":14,"column":28}},"7":{"start":{"line":15,"column":2},"end":{"line":18,"column":53}},"8":{"start":{"line":21,"column":0},"end":{"line":21,"column":38}}},"fnMap":{"0":{"name":"_interopRequireDefault","decl":{"start":{"line":10,"column":9},"end":{"line":10,"column":31}},"loc":{"start":{"line":10,"column":37},"end":{"line":10,"column":95}},"line":10},"1":{"name":"ControlButton","decl":{"start":{"line":12,"column":29},"end":{"line":12,"column":42}},"loc":{"start":{"line":12,"column":49},"end":{"line":19,"column":1}},"line":12}},"branchMap":{"0":{"loc":{"start":{"line":10,"column":46},"end":{"line":10,"column":92}},"type":"cond-expr","locations":[{"start":{"line":10,"column":70},"end":{"line":10,"column":73}},{"start":{"line":10,"column":76},"end":{"line":10,"column":92}}],"line":10},"1":{"loc":{"start":{"line":10,"column":46},"end":{"line":10,"column":67}},"type":"binary-expr","locations":[{"start":{"line":10,"column":46},"end":{"line":10,"column":49}},{"start":{"line":10,"column":53},"end":{"line":10,"column":67}}],"line":10}},"s":{"0":0,"1":0,"2":0,"3":0,"4":0,"5":0,"6":0,"7":0,"8":0},"f":{"0":0,"1":0},"b":{"0":[0,0],"1":[0,0]},"inputSourceMap":{"version":3,"sources":["ControlButton.js"],"names":["ControlButton","title","handler"],"mappings":";;;;;;;AAAA;;;;AAEO,IAAMA,aAAa,GAAG,SAAhBA,aAAgB;AAAA,MAAGC,KAAH,QAAGA,KAAH;AAAA,MAAUC,OAAV,QAAUA,OAAV;AAAA,SAE3B;AAAK,IAAA,SAAS,EAAC,gBAAf;AAAgC,IAAA,OAAO,EAAEA;AAAzC,KACE,wCAAID,KAAJ,CADF,CAF2B;AAAA,CAAtB","sourceRoot":"C:\\Users\\Emmanuel\\Documents\\React_Projects\\Red-Tetris\\src\\client\\components","sourcesContent":["import React from 'react';\n\nexport const ControlButton = ({ title, handler }) => (\n\n  <div className=\"control-button\" onClick={handler}>\n    <p>{title}</p>\n  </div>\n  \n);\n\n"]},"all":true},"C:\\Users\\Emmanuel\\Documents\\React_Projects\\Red-Tetris\\src\\client\\components\\GameScreen.js":{"path":"C:\\Users\\Emmanuel\\Documents\\React_Projects\\Red-Tetris\\src\\client\\components\\GameScreen.js","statementMap":{"0":{"start":{"line":3,"column":0},"end":{"line":5,"column":3}},"1":{"start":{"line":6,"column":0},"end":{"line":6,"column":28}},"2":{"start":{"line":8,"column":13},"end":{"line":8,"column":53}},"3":{"start":{"line":10,"column":17},"end":{"line":10,"column":39}},"4":{"start":{"line":12,"column":25},"end":{"line":12,"column":55}},"5":{"start":{"line":14,"column":25},"end":{"line":14,"column":55}},"6":{"start":{"line":16,"column":17},"end":{"line":16,"column":39}},"7":{"start":{"line":18,"column":22},"end":{"line":18,"column":61}},"8":{"start":{"line":20,"column":39},"end":{"line":20,"column":93}},"9":{"start":{"line":22,"column":17},"end":{"line":39,"column":1}},"10":{"start":{"line":23,"column":15},"end":{"line":23,"column":26}},"11":{"start":{"line":24,"column":14},"end":{"line":24,"column":24}},"12":{"start":{"line":25,"column":21},"end":{"line":25,"column":38}},"13":{"start":{"line":26,"column":19},"end":{"line":26,"column":34}},"14":{"start":{"line":27,"column":19},"end":{"line":27,"column":34}},"15":{"start":{"line":28,"column":21},"end":{"line":28,"column":38}},"16":{"start":{"line":29,"column":2},"end":{"line":38,"column":7}},"17":{"start":{"line":41,"column":0},"end":{"line":41,"column":32}}},"fnMap":{"0":{"name":"_interopRequireDefault","decl":{"start":{"line":20,"column":9},"end":{"line":20,"column":31}},"loc":{"start":{"line":20,"column":37},"end":{"line":20,"column":95}},"line":20},"1":{"name":"GameScreen","decl":{"start":{"line":22,"column":26},"end":{"line":22,"column":36}},"loc":{"start":{"line":22,"column":43},"end":{"line":39,"column":1}},"line":22}},"branchMap":{"0":{"loc":{"start":{"line":20,"column":46},"end":{"line":20,"column":92}},"type":"cond-expr","locations":[{"start":{"line":20,"column":70},"end":{"line":20,"column":73}},{"start":{"line":20,"column":76},"end":{"line":20,"column":92}}],"line":20},"1":{"loc":{"start":{"line":20,"column":46},"end":{"line":20,"column":67}},"type":"binary-expr","locations":[{"start":{"line":20,"column":46},"end":{"line":20,"column":49}},{"start":{"line":20,"column":53},"end":{"line":20,"column":67}}],"line":20},"2":{"loc":{"start":{"line":31,"column":49},"end":{"line":33,"column":4}},"type":"binary-expr","locations":[{"start":{"line":31,"column":49},"end":{"line":31,"column":90}},{"start":{"line":31,"column":94},"end":{"line":33,"column":4}}],"line":31},"3":{"loc":{"start":{"line":36,"column":6},"end":{"line":38,"column":4}},"type":"binary-expr","locations":[{"start":{"line":36,"column":6},"end":{"line":36,"column":47}},{"start":{"line":36,"column":51},"end":{"line":38,"column":4}}],"line":36}},"s":{"0":0,"1":0,"2":0,"3":0,"4":0,"5":0,"6":0,"7":0,"8":0,"9":0,"10":0,"11":0,"12":0,"13":0,"14":0,"15":0,"16":0,"17":0},"f":{"0":0,"1":0},"b":{"0":[0,0],"1":[0,0],"2":[0,0],"3":[0,0]},"inputSourceMap":{"version":3,"sources":["GameScreen.js"],"names":["GameScreen","player","board","participants","statistics","nextPieces","statusString","status","WAITING"],"mappings":";;;;;;;AAAA;;AACA;;AACA;;AACA;;AACA;;AACA;;;;AAEO,IAAMA,UAAU,GAAG,SAAbA,UAAa;AAAA,MAAGC,MAAH,QAAGA,MAAH;AAAA,MAAWC,KAAX,QAAWA,KAAX;AAAA,MAAkBC,YAAlB,QAAkBA,YAAlB;AAAA,MAAgCC,UAAhC,QAAgCA,UAAhC;AAAA,MAA4CC,UAA5C,QAA4CA,UAA5C;AAAA,MAAwDC,YAAxD,QAAwDA,YAAxD;AAAA,SAEtB,4DACE,6BAAC,qBAAD;AAAY,IAAA,MAAM,EAAEA;AAApB,IADF,EAEE,2CAEGL,MAAM,CAACM,MAAP,KAAkBC,uBAAlB,IAA6B,6BAAC,oCAAD;AAAmB,IAAA,MAAM,EAAEH;AAA3B,IAFhC,EAGE,6BAAC,oBAAD;AAAW,IAAA,YAAY,EAAEJ,MAAM,CAACM,MAAhC;AAAwC,IAAA,MAAM,EAAEL;AAAhD,IAHF,EAIGD,MAAM,CAACM,MAAP,KAAkBC,uBAAlB,IAA6B,6BAAC,oCAAD;AAAmB,IAAA,UAAU,EAAEJ;AAA/B,IAJhC,CAFF,CAFsB;AAAA,CAAnB","sourceRoot":"C:\\Users\\Emmanuel\\Documents\\React_Projects\\Red-Tetris\\src\\client\\components","sourcesContent":["import React from 'react';\nimport { MainBoard } from './MainBoard';\nimport { StatisticsSidebar } from './StatisticsSidebar';\nimport { NextPiecesSidebar } from './NextPiecesSidebar';\nimport { StatusLine } from './StatusBar';\nimport { WAITING } from '../constants/player-statuses';\n\nexport const GameScreen = ({ player, board, participants, statistics, nextPieces, statusString }) => \n  (\n    <>\n      <StatusLine status={statusString} /> \n      <main>\n\n        {player.status !== WAITING && <NextPiecesSidebar pieces={nextPieces} />}\n        <MainBoard playerStatus={player.status} blocks={board} />\n        {player.status !== WAITING && <StatisticsSidebar statistics={statistics} />}\n        \n      </main>\n    </>\n  );\n"]},"all":true},"C:\\Users\\Emmanuel\\Documents\\React_Projects\\Red-Tetris\\src\\client\\components\\LoadingScreen.js":{"path":"C:\\Users\\Emmanuel\\Documents\\React_Projects\\Red-Tetris\\src\\client\\components\\LoadingScreen.js","statementMap":{"0":{"start":{"line":3,"column":51},"end":{"line":3,"column":355}},"1":{"start":{"line":3,"column":126},"end":{"line":3,"column":181}},"2":{"start":{"line":3,"column":160},"end":{"line":3,"column":178}},"3":{"start":{"line":3,"column":191},"end":{"line":3,"column":353}},"4":{"start":{"line":3,"column":225},"end":{"line":3,"column":350}},"5":{"start":{"line":3,"column":356},"end":{"line":3,"column":376}},"6":{"start":{"line":5,"column":0},"end":{"line":7,"column":3}},"7":{"start":{"line":8,"column":0},"end":{"line":8,"column":31}},"8":{"start":{"line":10,"column":13},"end":{"line":10,"column":54}},"9":{"start":{"line":12,"column":0},"end":{"line":12,"column":40}},"10":{"start":{"line":14,"column":38},"end":{"line":14,"column":85}},"11":{"start":{"line":14,"column":73},"end":{"line":14,"column":85}},"12":{"start":{"line":14,"column":98},"end":{"line":14,"column":111}},"13":{"start":{"line":14,"column":113},"end":{"line":14,"column":194}},"14":{"start":{"line":14,"column":178},"end":{"line":14,"column":191}},"15":{"start":{"line":14,"column":195},"end":{"line":14,"column":208}},"16":{"start":{"line":16,"column":40},"end":{"line":16,"column":82}},"17":{"start":{"line":16,"column":69},"end":{"line":16,"column":80}},"18":{"start":{"line":16,"column":83},"end":{"line":16,"column":187}},"19":{"start":{"line":16,"column":161},"end":{"line":16,"column":185}},"20":{"start":{"line":16,"column":200},"end":{"line":16,"column":226}},"21":{"start":{"line":16,"column":228},"end":{"line":16,"column":283}},"22":{"start":{"line":16,"column":259},"end":{"line":16,"column":281}},"23":{"start":{"line":16,"column":297},"end":{"line":16,"column":299}},"24":{"start":{"line":16,"column":329},"end":{"line":16,"column":385}},"25":{"start":{"line":16,"column":387},"end":{"line":16,"column":667}},"26":{"start":{"line":16,"column":410},"end":{"line":16,"column":665}},"27":{"start":{"line":16,"column":475},"end":{"line":16,"column":547}},"28":{"start":{"line":16,"column":549},"end":{"line":16,"column":663}},"29":{"start":{"line":16,"column":587},"end":{"line":16,"column":628}},"30":{"start":{"line":16,"column":638},"end":{"line":16,"column":661}},"31":{"start":{"line":16,"column":668},"end":{"line":16,"column":689}},"32":{"start":{"line":16,"column":690},"end":{"line":16,"column":728}},"33":{"start":{"line":16,"column":703},"end":{"line":16,"column":726}},"34":{"start":{"line":16,"column":729},"end":{"line":16,"column":743}},"35":{"start":{"line":18,"column":34},"end":{"line":18,"column":117}},"36":{"start":{"line":20,"column":30},"end":{"line":20,"column":106}},"37":{"start":{"line":22,"column":41},"end":{"line":22,"column":155}},"38":{"start":{"line":22,"column":146},"end":{"line":22,"column":153}},"39":{"start":{"line":22,"column":167},"end":{"line":22,"column":169}},"40":{"start":{"line":22,"column":180},"end":{"line":22,"column":184}},"41":{"start":{"line":22,"column":195},"end":{"line":22,"column":200}},"42":{"start":{"line":22,"column":211},"end":{"line":22,"column":220}},"43":{"start":{"line":22,"column":222},"end":{"line":22,"column":509}},"44":{"start":{"line":22,"column":228},"end":{"line":22,"column":371}},"45":{"start":{"line":22,"column":242},"end":{"line":22,"column":264}},"46":{"start":{"line":22,"column":314},"end":{"line":22,"column":334}},"47":{"start":{"line":22,"column":335},"end":{"line":22,"column":369}},"48":{"start":{"line":22,"column":363},"end":{"line":22,"column":369}},"49":{"start":{"line":22,"column":388},"end":{"line":22,"column":398}},"50":{"start":{"line":22,"column":399},"end":{"line":22,"column":408}},"51":{"start":{"line":22,"column":421},"end":{"line":22,"column":507}},"52":{"start":{"line":22,"column":427},"end":{"line":22,"column":475}},"53":{"start":{"line":22,"column":460},"end":{"line":22,"column":475}},"54":{"start":{"line":22,"column":488},"end":{"line":22,"column":505}},"55":{"start":{"line":22,"column":496},"end":{"line":22,"column":505}},"56":{"start":{"line":22,"column":510},"end":{"line":22,"column":522}},"57":{"start":{"line":24,"column":32},"end":{"line":24,"column":67}},"58":{"start":{"line":24,"column":56},"end":{"line":24,"column":67}},"59":{"start":{"line":26,"column":20},"end":{"line":67,"column":1}},"60":{"start":{"line":27,"column":18},"end":{"line":27,"column":42}},"61":{"start":{"line":28,"column":19},"end":{"line":28,"column":47}},"62":{"start":{"line":29,"column":13},"end":{"line":29,"column":26}},"63":{"start":{"line":30,"column":16},"end":{"line":30,"column":29}},"64":{"start":{"line":32,"column":19},"end":{"line":32,"column":43}},"65":{"start":{"line":33,"column":19},"end":{"line":33,"column":48}},"66":{"start":{"line":34,"column":13},"end":{"line":34,"column":26}},"67":{"start":{"line":35,"column":16},"end":{"line":35,"column":29}},"68":{"start":{"line":37,"column":24},"end":{"line":39,"column":3}},"69":{"start":{"line":38,"column":4},"end":{"line":38,"column":129}},"70":{"start":{"line":41,"column":2},"end":{"line":66,"column":4}},"71":{"start":{"line":52,"column":8},"end":{"line":52,"column":43}},"72":{"start":{"line":60,"column":8},"end":{"line":60,"column":43}},"73":{"start":{"line":69,"column":0},"end":{"line":69,"column":38}}},"fnMap":{"0":{"name":"_typeof","decl":{"start":{"line":3,"column":9},"end":{"line":3,"column":16}},"loc":{"start":{"line":3,"column":22},"end":{"line":3,"column":378}},"line":3},"1":{"name":"_typeof","decl":{"start":{"line":3,"column":145},"end":{"line":3,"column":152}},"loc":{"start":{"line":3,"column":158},"end":{"line":3,"column":180}},"line":3},"2":{"name":"_typeof","decl":{"start":{"line":3,"column":210},"end":{"line":3,"column":217}},"loc":{"start":{"line":3,"column":223},"end":{"line":3,"column":352}},"line":3},"3":{"name":"_getRequireWildcardCache","decl":{"start":{"line":14,"column":9},"end":{"line":14,"column":33}},"loc":{"start":{"line":14,"column":36},"end":{"line":14,"column":210}},"line":14},"4":{"name":"_getRequireWildcardCache","decl":{"start":{"line":14,"column":149},"end":{"line":14,"column":173}},"loc":{"start":{"line":14,"column":176},"end":{"line":14,"column":193}},"line":14},"5":{"name":"_interopRequireWildcard","decl":{"start":{"line":16,"column":9},"end":{"line":16,"column":32}},"loc":{"start":{"line":16,"column":38},"end":{"line":16,"column":745}},"line":16},"6":{"name":"_slicedToArray","decl":{"start":{"line":18,"column":9},"end":{"line":18,"column":23}},"loc":{"start":{"line":18,"column":32},"end":{"line":18,"column":119}},"line":18},"7":{"name":"_nonIterableRest","decl":{"start":{"line":20,"column":9},"end":{"line":20,"column":25}},"loc":{"start":{"line":20,"column":28},"end":{"line":20,"column":108}},"line":20},"8":{"name":"_iterableToArrayLimit","decl":{"start":{"line":22,"column":9},"end":{"line":22,"column":30}},"loc":{"start":{"line":22,"column":39},"end":{"line":22,"column":524}},"line":22},"9":{"name":"_arrayWithHoles","decl":{"start":{"line":24,"column":9},"end":{"line":24,"column":24}},"loc":{"start":{"line":24,"column":30},"end":{"line":24,"column":69}},"line":24},"10":{"name":"LoadingScreen","decl":{"start":{"line":26,"column":29},"end":{"line":26,"column":42}},"loc":{"start":{"line":26,"column":45},"end":{"line":67,"column":1}},"line":26},"11":{"name":"forcedRefreshed","decl":{"start":{"line":37,"column":33},"end":{"line":37,"column":48}},"loc":{"start":{"line":37,"column":56},"end":{"line":39,"column":3}},"line":37},"12":{"name":"onChange","decl":{"start":{"line":51,"column":25},"end":{"line":51,"column":33}},"loc":{"start":{"line":51,"column":41},"end":{"line":53,"column":7}},"line":51},"13":{"name":"onChange","decl":{"start":{"line":59,"column":25},"end":{"line":59,"column":33}},"loc":{"start":{"line":59,"column":41},"end":{"line":61,"column":7}},"line":59}},"branchMap":{"0":{"loc":{"start":{"line":3,"column":51},"end":{"line":3,"column":355}},"type":"if","locations":[{"start":{"line":3,"column":51},"end":{"line":3,"column":355}},{"start":{"line":3,"column":51},"end":{"line":3,"column":355}}],"line":3},"1":{"loc":{"start":{"line":3,"column":55},"end":{"line":3,"column":122}},"type":"binary-expr","locations":[{"start":{"line":3,"column":55},"end":{"line":3,"column":83}},{"start":{"line":3,"column":87},"end":{"line":3,"column":122}}],"line":3},"2":{"loc":{"start":{"line":3,"column":232},"end":{"line":3,"column":349}},"type":"cond-expr","locations":[{"start":{"line":3,"column":328},"end":{"line":3,"column":336}},{"start":{"line":3,"column":339},"end":{"line":3,"column":349}}],"line":3},"3":{"loc":{"start":{"line":3,"column":232},"end":{"line":3,"column":325}},"type":"binary-expr","locations":[{"start":{"line":3,"column":232},"end":{"line":3,"column":235}},{"start":{"line":3,"column":239},"end":{"line":3,"column":267}},{"start":{"line":3,"column":271},"end":{"line":3,"column":297}},{"start":{"line":3,"column":301},"end":{"line":3,"column":325}}],"line":3},"4":{"loc":{"start":{"line":14,"column":38},"end":{"line":14,"column":85}},"type":"if","locations":[{"start":{"line":14,"column":38},"end":{"line":14,"column":85}},{"start":{"line":14,"column":38},"end":{"line":14,"column":85}}],"line":14},"5":{"loc":{"start":{"line":16,"column":40},"end":{"line":16,"column":82}},"type":"if","locations":[{"start":{"line":16,"column":40},"end":{"line":16,"column":82}},{"start":{"line":16,"column":40},"end":{"line":16,"column":82}}],"line":16},"6":{"loc":{"start":{"line":16,"column":44},"end":{"line":16,"column":65}},"type":"binary-expr","locations":[{"start":{"line":16,"column":44},"end":{"line":16,"column":47}},{"start":{"line":16,"column":51},"end":{"line":16,"column":65}}],"line":16},"7":{"loc":{"start":{"line":16,"column":83},"end":{"line":16,"column":187}},"type":"if","locations":[{"start":{"line":16,"column":83},"end":{"line":16,"column":187}},{"start":{"line":16,"column":83},"end":{"line":16,"column":187}}],"line":16},"8":{"loc":{"start":{"line":16,"column":87},"end":{"line":16,"column":157}},"type":"binary-expr","locations":[{"start":{"line":16,"column":87},"end":{"line":16,"column":99}},{"start":{"line":16,"column":103},"end":{"line":16,"column":128}},{"start":{"line":16,"column":132},"end":{"line":16,"column":157}}],"line":16},"9":{"loc":{"start":{"line":16,"column":228},"end":{"line":16,"column":283}},"type":"if","locations":[{"start":{"line":16,"column":228},"end":{"line":16,"column":283}},{"start":{"line":16,"column":228},"end":{"line":16,"column":283}}],"line":16},"10":{"loc":{"start":{"line":16,"column":232},"end":{"line":16,"column":255}},"type":"binary-expr","locations":[{"start":{"line":16,"column":232},"end":{"line":16,"column":237}},{"start":{"line":16,"column":241},"end":{"line":16,"column":255}}],"line":16},"11":{"loc":{"start":{"line":16,"column":329},"end":{"line":16,"column":385}},"type":"binary-expr","locations":[{"start":{"line":16,"column":329},"end":{"line":16,"column":350}},{"start":{"line":16,"column":354},"end":{"line":16,"column":385}}],"line":16},"12":{"loc":{"start":{"line":16,"column":410},"end":{"line":16,"column":665}},"type":"if","locations":[{"start":{"line":16,"column":410},"end":{"line":16,"column":665}},{"start":{"line":16,"column":410},"end":{"line":16,"column":665}}],"line":16},"13":{"loc":{"start":{"line":16,"column":475},"end":{"line":16,"column":547}},"type":"cond-expr","locations":[{"start":{"line":16,"column":499},"end":{"line":16,"column":540}},{"start":{"line":16,"column":543},"end":{"line":16,"column":547}}],"line":16},"14":{"loc":{"start":{"line":16,"column":549},"end":{"line":16,"column":663}},"type":"if","locations":[{"start":{"line":16,"column":549},"end":{"line":16,"column":663}},{"start":{"line":16,"column":549},"end":{"line":16,"column":663}}],"line":16},"15":{"loc":{"start":{"line":16,"column":553},"end":{"line":16,"column":583}},"type":"binary-expr","locations":[{"start":{"line":16,"column":553},"end":{"line":16,"column":557}},{"start":{"line":16,"column":562},"end":{"line":16,"column":570}},{"start":{"line":16,"column":574},"end":{"line":16,"column":582}}],"line":16},"16":{"loc":{"start":{"line":16,"column":690},"end":{"line":16,"column":728}},"type":"if","locations":[{"start":{"line":16,"column":690},"end":{"line":16,"column":728}},{"start":{"line":16,"column":690},"end":{"line":16,"column":728}}],"line":16},"17":{"loc":{"start":{"line":18,"column":41},"end":{"line":18,"column":116}},"type":"binary-expr","locations":[{"start":{"line":18,"column":41},"end":{"line":18,"column":61}},{"start":{"line":18,"column":65},"end":{"line":18,"column":94}},{"start":{"line":18,"column":98},"end":{"line":18,"column":116}}],"line":18},"18":{"loc":{"start":{"line":22,"column":41},"end":{"line":22,"column":155}},"type":"if","locations":[{"start":{"line":22,"column":41},"end":{"line":22,"column":155}},{"start":{"line":22,"column":41},"end":{"line":22,"column":155}}],"line":22},"19":{"loc":{"start":{"line":22,"column":47},"end":{"line":22,"column":141}},"type":"binary-expr","locations":[{"start":{"line":22,"column":47},"end":{"line":22,"column":77}},{"start":{"line":22,"column":81},"end":{"line":22,"column":141}}],"line":22},"20":{"loc":{"start":{"line":22,"column":335},"end":{"line":22,"column":369}},"type":"if","locations":[{"start":{"line":22,"column":335},"end":{"line":22,"column":369}},{"start":{"line":22,"column":335},"end":{"line":22,"column":369}}],"line":22},"21":{"loc":{"start":{"line":22,"column":339},"end":{"line":22,"column":361}},"type":"binary-expr","locations":[{"start":{"line":22,"column":339},"end":{"line":22,"column":340}},{"start":{"line":22,"column":344},"end":{"line":22,"column":361}}],"line":22},"22":{"loc":{"start":{"line":22,"column":427},"end":{"line":22,"column":475}},"type":"if","locations":[{"start":{"line":22,"column":427},"end":{"line":22,"column":475}},{"start":{"line":22,"column":427},"end":{"line":22,"column":475}}],"line":22},"23":{"loc":{"start":{"line":22,"column":431},"end":{"line":22,"column":458}},"type":"binary-expr","locations":[{"start":{"line":22,"column":431},"end":{"line":22,"column":434}},{"start":{"line":22,"column":438},"end":{"line":22,"column":458}}],"line":22},"24":{"loc":{"start":{"line":22,"column":488},"end":{"line":22,"column":505}},"type":"if","locations":[{"start":{"line":22,"column":488},"end":{"line":22,"column":505}},{"start":{"line":22,"column":488},"end":{"line":22,"column":505}}],"line":22},"25":{"loc":{"start":{"line":24,"column":32},"end":{"line":24,"column":67}},"type":"if","locations":[{"start":{"line":24,"column":32},"end":{"line":24,"column":67}},{"start":{"line":24,"column":32},"end":{"line":24,"column":67}}],"line":24}},"s":{"0":0,"1":0,"2":0,"3":0,"4":0,"5":0,"6":0,"7":0,"8":0,"9":0,"10":0,"11":0,"12":0,"13":0,"14":0,"15":0,"16":0,"17":0,"18":0,"19":0,"20":0,"21":0,"22":0,"23":0,"24":0,"25":0,"26":0,"27":0,"28":0,"29":0,"30":0,"31":0,"32":0,"33":0,"34":0,"35":0,"36":0,"37":0,"38":0,"39":0,"40":0,"41":0,"42":0,"43":0,"44":0,"45":0,"46":0,"47":0,"48":0,"49":0,"50":0,"51":0,"52":0,"53":0,"54":0,"55":0,"56":0,"57":0,"58":0,"59":0,"60":0,"61":0,"62":0,"63":0,"64":0,"65":0,"66":0,"67":0,"68":0,"69":0,"70":0,"71":0,"72":0,"73":0},"f":{"0":0,"1":0,"2":0,"3":0,"4":0,"5":0,"6":0,"7":0,"8":0,"9":0,"10":0,"11":0,"12":0,"13":0},"b":{"0":[0,0],"1":[0,0],"2":[0,0],"3":[0,0,0,0],"4":[0,0],"5":[0,0],"6":[0,0],"7":[0,0],"8":[0,0,0],"9":[0,0],"10":[0,0],"11":[0,0],"12":[0,0],"13":[0,0],"14":[0,0],"15":[0,0,0],"16":[0,0],"17":[0,0,0],"18":[0,0],"19":[0,0],"20":[0,0],"21":[0,0],"22":[0,0],"23":[0,0],"24":[0,0],"25":[0,0]},"inputSourceMap":{"version":3,"sources":["LoadingScreen.js"],"names":["LoadingScreen","name","setName","room","setRoom","forcedRefreshed","event","window","location","href","then","reload","target","value"],"mappings":";;;;;;;;;AAAA;;AACA;;;;;;;;;;;;;;AAEA,IAAMA,aAAa,GAAG,SAAhBA,aAAgB,GAAM;AAAA,kBACF,qBAAS,EAAT,CADE;AAAA;AAAA,MACnBC,IADmB;AAAA,MACbC,OADa;;AAAA,mBAEF,qBAAS,EAAT,CAFE;AAAA;AAAA,MAEnBC,IAFmB;AAAA,MAEbC,OAFa;;AAI1B,MAAMC,eAAe,GAAG,SAAlBA,eAAkB,CAAAC,KAAK,EAAI;AAE/B,WAAO,CAACC,MAAM,CAACC,QAAP,CAAgBC,IAAhB,oCAAiDN,IAAjD,cAAyDF,IAAzD,MAAD,EAAmES,IAAnE,CAAwEH,MAAM,CAACC,QAAP,CAAgBG,MAAhB,EAAxE,CAAP;AAED,GAJD;;AAMA,SACE;AACA;AAAK,MAAA,SAAS,EAAC;AAAf,OACE;AAAG,MAAA,SAAS,EAAC;AAAb,oBADF,EAEE,2CACE;AACE,MAAA,SAAS,EAAC,oBADZ;AAEE,MAAA,IAAI,EAAC,MAFP;AAGE,MAAA,WAAW,EAAC,gBAHd;AAIE,MAAA,KAAK,EAAEV,IAJT;AAKE,MAAA,QAAQ,EAAE,kBAAAK,KAAK;AAAA,eAAIJ,OAAO,CAACI,KAAK,CAACM,MAAN,CAAaC,KAAd,CAAX;AAAA;AALjB,MADF,EAQE;AACE,MAAA,SAAS,EAAC,qBADZ;AAEE,MAAA,IAAI,EAAC,MAFP;AAGE,MAAA,WAAW,EAAC,iBAHd;AAIE,MAAA,KAAK,EAAEV,IAJT;AAKE,MAAA,QAAQ,EAAE,kBAAAG,KAAK;AAAA,eAAIF,OAAO,CAACE,KAAK,CAACM,MAAN,CAAaC,KAAd,CAAX;AAAA;AALjB,MARF,CAFF,EAkBE;AAAQ,MAAA,IAAI,EAAC,QAAb;AAAsB,MAAA,OAAO,EAAER;AAA/B,OACE,qDADF,CAlBF;AAFF;AAyBD,CAnCD","sourceRoot":"C:\\Users\\Emmanuel\\Documents\\React_Projects\\Red-Tetris\\src\\client\\components","sourcesContent":["import React, { useState, useEffect } from 'react';\nimport '../styles/LoadingScreen.scss';\n\nconst LoadingScreen = () => {\n  const [name, setName] = useState('');\n  const [room, setRoom] = useState('');\n\n  const forcedRefreshed = event => {\n    \n    return (window.location.href = `http://127.0.0.1:3000/#${room}[${name}]`).then(window.location.reload())\n    \n  };\n  \n  return (\n    //BEM\n    <div className=\"loadingScreen\">\n      <p className=\"loadingScreen__title\">_RedTetris</p>\n      <form>\n        <input\n          className=\"loadingScreen_name\"\n          type=\"text\"\n          placeholder=\"Enter username\"\n          value={name}\n          onChange={event => setName(event.target.value)}\n        />\n        <input\n          className=\"loadingScreen__room\"\n          type=\"text\"\n          placeholder=\"Enter room name\"\n          value={room}\n          onChange={event => setRoom(event.target.value)}\n        />\n      </form>\n      <button type=\"submit\" onClick={forcedRefreshed}>\n        <p>Enter Room</p>\n      </button> \n    </div>\n  );\n};\n\nexport { LoadingScreen };\n"]},"all":true},"C:\\Users\\Emmanuel\\Documents\\React_Projects\\Red-Tetris\\src\\client\\components\\MainBoard.js":{"path":"C:\\Users\\Emmanuel\\Documents\\React_Projects\\Red-Tetris\\src\\client\\components\\MainBoard.js","statementMap":{"0":{"start":{"line":3,"column":0},"end":{"line":5,"column":3}},"1":{"start":{"line":6,"column":0},"end":{"line":6,"column":27}},"2":{"start":{"line":8,"column":13},"end":{"line":8,"column":53}},"3":{"start":{"line":10,"column":18},"end":{"line":10,"column":63}},"4":{"start":{"line":12,"column":13},"end":{"line":12,"column":34}},"5":{"start":{"line":14,"column":22},"end":{"line":14,"column":61}},"6":{"start":{"line":16,"column":0},"end":{"line":16,"column":36}},"7":{"start":{"line":18,"column":39},"end":{"line":18,"column":93}},"8":{"start":{"line":20,"column":16},"end":{"line":32,"column":1}},"9":{"start":{"line":21,"column":21},"end":{"line":21,"column":38}},"10":{"start":{"line":22,"column":15},"end":{"line":22,"column":26}},"11":{"start":{"line":23,"column":18},"end":{"line":25,"column":4}},"12":{"start":{"line":26,"column":2},"end":{"line":31,"column":6}},"13":{"start":{"line":34,"column":0},"end":{"line":34,"column":30}}},"fnMap":{"0":{"name":"_interopRequireDefault","decl":{"start":{"line":18,"column":9},"end":{"line":18,"column":31}},"loc":{"start":{"line":18,"column":37},"end":{"line":18,"column":95}},"line":18},"1":{"name":"MainBoard","decl":{"start":{"line":20,"column":25},"end":{"line":20,"column":34}},"loc":{"start":{"line":20,"column":41},"end":{"line":32,"column":1}},"line":20}},"branchMap":{"0":{"loc":{"start":{"line":18,"column":46},"end":{"line":18,"column":92}},"type":"cond-expr","locations":[{"start":{"line":18,"column":70},"end":{"line":18,"column":73}},{"start":{"line":18,"column":76},"end":{"line":18,"column":92}}],"line":18},"1":{"loc":{"start":{"line":18,"column":46},"end":{"line":18,"column":67}},"type":"binary-expr","locations":[{"start":{"line":18,"column":46},"end":{"line":18,"column":49}},{"start":{"line":18,"column":53},"end":{"line":18,"column":67}}],"line":18}},"s":{"0":0,"1":0,"2":0,"3":0,"4":0,"5":0,"6":0,"7":0,"8":0,"9":0,"10":0,"11":0,"12":0,"13":0},"f":{"0":0,"1":0},"b":{"0":[0,0],"1":[0,0]},"inputSourceMap":{"version":3,"sources":["MainBoard.js"],"names":["MainBoard","playerStatus","blocks","className","PLAYING"],"mappings":";;;;;;;AAAA;;AACA;;AACA;;AACA;;AAEA;;;;AAEA,IAAMA,SAAS,GAAG,SAAZA,SAAY,OAA8B;AAAA,MAA3BC,YAA2B,QAA3BA,YAA2B;AAAA,MAAbC,MAAa,QAAbA,MAAa;AAC9C,MAAMC,SAAS,GAAG,yBAAW;AAAE,cAAUF,YAAY,KAAKG;AAA7B,GAAX,CAAlB;AACA,SACE;AAAS,IAAA,EAAE,EAAC,YAAZ;AAAyB,IAAA,SAAS,EAAED;AAApC,KACE,6BAAC,YAAD;AAAO,IAAA,MAAM,EAAED;AAAf,IADF,CADF;AAKD,CAPD","sourceRoot":"C:\\Users\\Emmanuel\\Documents\\React_Projects\\Red-Tetris\\src\\client\\components","sourcesContent":["import React from 'react';\nimport classNames from 'classnames';\nimport { Board } from './Board.js';\nimport { PLAYING } from '../constants/player-statuses';\n\nimport '../styles/MainBoard.scss'\n\nconst MainBoard = ({ playerStatus, blocks }) => {\n  const className = classNames({ 'active': playerStatus === PLAYING });\n  return (\n    <section id=\"main-board\" className={className}>\n      <Board blocks={blocks} />\n    </section>\n  );\n};\n\nexport { MainBoard };\n"]},"all":true},"C:\\Users\\Emmanuel\\Documents\\React_Projects\\Red-Tetris\\src\\client\\components\\NextPiecesSidebar.js":{"path":"C:\\Users\\Emmanuel\\Documents\\React_Projects\\Red-Tetris\\src\\client\\components\\NextPiecesSidebar.js","statementMap":{"0":{"start":{"line":3,"column":0},"end":{"line":5,"column":3}},"1":{"start":{"line":6,"column":0},"end":{"line":6,"column":35}},"2":{"start":{"line":8,"column":13},"end":{"line":8,"column":53}},"3":{"start":{"line":10,"column":13},"end":{"line":10,"column":31}},"4":{"start":{"line":12,"column":0},"end":{"line":12,"column":44}},"5":{"start":{"line":14,"column":39},"end":{"line":14,"column":93}},"6":{"start":{"line":16,"column":24},"end":{"line":28,"column":1}},"7":{"start":{"line":17,"column":15},"end":{"line":17,"column":26}},"8":{"start":{"line":18,"column":2},"end":{"line":27,"column":6}},"9":{"start":{"line":21,"column":4},"end":{"line":26,"column":8}},"10":{"start":{"line":30,"column":0},"end":{"line":30,"column":46}}},"fnMap":{"0":{"name":"_interopRequireDefault","decl":{"start":{"line":14,"column":9},"end":{"line":14,"column":31}},"loc":{"start":{"line":14,"column":37},"end":{"line":14,"column":95}},"line":14},"1":{"name":"NextPiecesSidebar","decl":{"start":{"line":16,"column":33},"end":{"line":16,"column":50}},"loc":{"start":{"line":16,"column":57},"end":{"line":28,"column":1}},"line":16},"2":{"name":"(anonymous_2)","decl":{"start":{"line":20,"column":16},"end":{"line":20,"column":17}},"loc":{"start":{"line":20,"column":41},"end":{"line":27,"column":3}},"line":20}},"branchMap":{"0":{"loc":{"start":{"line":14,"column":46},"end":{"line":14,"column":92}},"type":"cond-expr","locations":[{"start":{"line":14,"column":70},"end":{"line":14,"column":73}},{"start":{"line":14,"column":76},"end":{"line":14,"column":92}}],"line":14},"1":{"loc":{"start":{"line":14,"column":46},"end":{"line":14,"column":67}},"type":"binary-expr","locations":[{"start":{"line":14,"column":46},"end":{"line":14,"column":49}},{"start":{"line":14,"column":53},"end":{"line":14,"column":67}}],"line":14}},"s":{"0":0,"1":0,"2":0,"3":0,"4":0,"5":0,"6":0,"7":0,"8":0,"9":0,"10":0},"f":{"0":0,"1":0,"2":0},"b":{"0":[0,0],"1":[0,0]},"inputSourceMap":{"version":3,"sources":["NextPiecesSidebar.js"],"names":["NextPiecesSidebar","pieces","map","blocks","index"],"mappings":";;;;;;;AAAA;;AACA;;AACA;;;;AAGA,IAAMA,iBAAiB,GAAG,SAApBA,iBAAoB,OAAgB;AAAA,MAAbC,MAAa,QAAbA,MAAa;AACxC,SACE;AAAO,IAAA,EAAE,EAAC;AAAV,KACGA,MAAM,CAACC,GAAP,CAAW,UAACC,MAAD,EAASC,KAAT;AAAA,WACV;AAAK,MAAA,SAAS,EAAC,YAAf;AAA4B,MAAA,GAAG,EAAEA;AAAjC,OACE,6BAAC,YAAD;AAAO,MAAA,MAAM,EAAED;AAAf,MADF,CADU;AAAA,GAAX,CADH,CADF;AASD,CAVD","sourceRoot":"C:\\Users\\Emmanuel\\Documents\\React_Projects\\Red-Tetris\\src\\client\\components","sourcesContent":["import React from 'react';\nimport { Board } from './Board';\nimport '../styles/NextPiecesSidebar.scss'\n\n\nconst NextPiecesSidebar = ({ pieces }) => {\n  return (\n    <aside id=\"next-pieces-sidebar\">\n      {pieces.map((blocks, index) => (\n        <div className=\"next-piece\" key={index}>\n          <Board blocks={blocks} />\n        </div>\n      ))}\n    </aside>\n  );\n};\n\nexport { NextPiecesSidebar };\n"]},"all":true},"C:\\Users\\Emmanuel\\Documents\\React_Projects\\Red-Tetris\\src\\client\\components\\StatisticsSidebar.js":{"path":"C:\\Users\\Emmanuel\\Documents\\React_Projects\\Red-Tetris\\src\\client\\components\\StatisticsSidebar.js","statementMap":{"0":{"start":{"line":3,"column":0},"end":{"line":5,"column":3}},"1":{"start":{"line":6,"column":0},"end":{"line":6,"column":35}},"2":{"start":{"line":8,"column":13},"end":{"line":8,"column":53}},"3":{"start":{"line":10,"column":0},"end":{"line":10,"column":44}},"4":{"start":{"line":12,"column":39},"end":{"line":12,"column":93}},"5":{"start":{"line":14,"column":24},"end":{"line":26,"column":1}},"6":{"start":{"line":15,"column":19},"end":{"line":15,"column":34}},"7":{"start":{"line":16,"column":2},"end":{"line":25,"column":6}},"8":{"start":{"line":19,"column":16},"end":{"line":19,"column":27}},"9":{"start":{"line":20,"column":18},"end":{"line":20,"column":31}},"10":{"start":{"line":21,"column":4},"end":{"line":24,"column":71}},"11":{"start":{"line":28,"column":0},"end":{"line":28,"column":46}}},"fnMap":{"0":{"name":"_interopRequireDefault","decl":{"start":{"line":12,"column":9},"end":{"line":12,"column":31}},"loc":{"start":{"line":12,"column":37},"end":{"line":12,"column":95}},"line":12},"1":{"name":"StatisticsSidebar","decl":{"start":{"line":14,"column":33},"end":{"line":14,"column":50}},"loc":{"start":{"line":14,"column":57},"end":{"line":26,"column":1}},"line":14},"2":{"name":"(anonymous_2)","decl":{"start":{"line":18,"column":20},"end":{"line":18,"column":21}},"loc":{"start":{"line":18,"column":44},"end":{"line":25,"column":3}},"line":18}},"branchMap":{"0":{"loc":{"start":{"line":12,"column":46},"end":{"line":12,"column":92}},"type":"cond-expr","locations":[{"start":{"line":12,"column":70},"end":{"line":12,"column":73}},{"start":{"line":12,"column":76},"end":{"line":12,"column":92}}],"line":12},"1":{"loc":{"start":{"line":12,"column":46},"end":{"line":12,"column":67}},"type":"binary-expr","locations":[{"start":{"line":12,"column":46},"end":{"line":12,"column":49}},{"start":{"line":12,"column":53},"end":{"line":12,"column":67}}],"line":12}},"s":{"0":0,"1":0,"2":0,"3":0,"4":0,"5":0,"6":0,"7":0,"8":0,"9":0,"10":0,"11":0},"f":{"0":0,"1":0,"2":0},"b":{"0":[0,0],"1":[0,0]},"inputSourceMap":{"version":3,"sources":["StatisticsSidebar.js"],"names":["StatisticsSidebar","statistics","map","index","value","caption"],"mappings":";;;;;;;AAAA;;AACA;;;;AAEA,IAAMA,iBAAiB,GAAG,SAApBA,iBAAoB,OAAoB;AAAA,MAAjBC,UAAiB,QAAjBA,UAAiB;AAC5C,SACE;AAAO,IAAA,EAAE,EAAC;AAAV,KACGA,UAAU,CAACC,GAAX,CAAe,iBAAqBC,KAArB;AAAA,QAAGC,KAAH,SAAGA,KAAH;AAAA,QAAUC,OAAV,SAAUA,OAAV;AAAA,WACd;AAAK,MAAA,SAAS,EAAC,iBAAf;AAAiC,MAAA,GAAG,EAAEF;AAAtC,OACE,wCACGE,OADH,SACeD,KADf,CADF,CADc;AAAA,GAAf,CADH,CADF;AAWD,CAZD","sourceRoot":"C:\\Users\\Emmanuel\\Documents\\React_Projects\\Red-Tetris\\src\\client\\components","sourcesContent":["import React from 'react';\nimport '../styles/StatisticsSideBar.scss'\n\nconst StatisticsSidebar = ({ statistics }) => {\n  return (\n    <aside id=\"statistics-sidebar\">\n      {statistics.map(({ value, caption }, index) => (\n        <div className=\"statistic-block\" key={index}>\n          <p>\n            {caption} : {value}\n          </p>\n        </div>\n      ))}\n    </aside>\n  );\n};\n\nexport { StatisticsSidebar };\n"]},"all":true},"C:\\Users\\Emmanuel\\Documents\\React_Projects\\Red-Tetris\\src\\client\\components\\StatusBar.js":{"path":"C:\\Users\\Emmanuel\\Documents\\React_Projects\\Red-Tetris\\src\\client\\components\\StatusBar.js","statementMap":{"0":{"start":{"line":3,"column":0},"end":{"line":5,"column":3}},"1":{"start":{"line":6,"column":0},"end":{"line":6,"column":28}},"2":{"start":{"line":8,"column":13},"end":{"line":8,"column":53}},"3":{"start":{"line":10,"column":0},"end":{"line":10,"column":36}},"4":{"start":{"line":12,"column":39},"end":{"line":12,"column":93}},"5":{"start":{"line":14,"column":17},"end":{"line":19,"column":1}},"6":{"start":{"line":15,"column":15},"end":{"line":15,"column":26}},"7":{"start":{"line":16,"column":2},"end":{"line":18,"column":54}},"8":{"start":{"line":21,"column":0},"end":{"line":21,"column":32}}},"fnMap":{"0":{"name":"_interopRequireDefault","decl":{"start":{"line":12,"column":9},"end":{"line":12,"column":31}},"loc":{"start":{"line":12,"column":37},"end":{"line":12,"column":95}},"line":12},"1":{"name":"StatusLine","decl":{"start":{"line":14,"column":26},"end":{"line":14,"column":36}},"loc":{"start":{"line":14,"column":43},"end":{"line":19,"column":1}},"line":14}},"branchMap":{"0":{"loc":{"start":{"line":12,"column":46},"end":{"line":12,"column":92}},"type":"cond-expr","locations":[{"start":{"line":12,"column":70},"end":{"line":12,"column":73}},{"start":{"line":12,"column":76},"end":{"line":12,"column":92}}],"line":12},"1":{"loc":{"start":{"line":12,"column":46},"end":{"line":12,"column":67}},"type":"binary-expr","locations":[{"start":{"line":12,"column":46},"end":{"line":12,"column":49}},{"start":{"line":12,"column":53},"end":{"line":12,"column":67}}],"line":12}},"s":{"0":0,"1":0,"2":0,"3":0,"4":0,"5":0,"6":0,"7":0,"8":0},"f":{"0":0,"1":0},"b":{"0":[0,0],"1":[0,0]},"inputSourceMap":{"version":3,"sources":["StatusBar.js"],"names":["StatusLine","status"],"mappings":";;;;;;;AAAA;;AACA;;;;AAEA,IAAMA,UAAU,GAAG,SAAbA,UAAa,OAAgB;AAAA,MAAbC,MAAa,QAAbA,MAAa;AACjC,SACE;AAAQ,IAAA,EAAE,EAAC;AAAX,KACE,wCAAIA,MAAJ,CADF,CADF;AAKD,CAND","sourceRoot":"C:\\Users\\Emmanuel\\Documents\\React_Projects\\Red-Tetris\\src\\client\\components","sourcesContent":["import React from 'react';\nimport '../styles/StatusBar.scss'\n\nconst StatusLine = ({ status }) => {\n  return (\n    <footer id=\"status-line\">\n      <p>{status}</p>\n    </footer>\n  );\n};\n\nexport { StatusLine };\n"]},"all":true},"C:\\Users\\Emmanuel\\Documents\\React_Projects\\Red-Tetris\\src\\client\\constants\\action-types.js":{"path":"C:\\Users\\Emmanuel\\Documents\\React_Projects\\Red-Tetris\\src\\client\\constants\\action-types.js","statementMap":{"0":{"start":{"line":3,"column":0},"end":{"line":5,"column":3}},"1":{"start":{"line":7,"column":27},"end":{"line":7,"column":61}},"2":{"start":{"line":9,"column":0},"end":{"line":17,"column":3}},"3":{"start":{"line":10,"column":2},"end":{"line":10,"column":56}},"4":{"start":{"line":10,"column":49},"end":{"line":10,"column":56}},"5":{"start":{"line":11,"column":2},"end":{"line":16,"column":5}},"6":{"start":{"line":14,"column":6},"end":{"line":14,"column":39}},"7":{"start":{"line":19,"column":26},"end":{"line":19,"column":59}},"8":{"start":{"line":21,"column":0},"end":{"line":29,"column":3}},"9":{"start":{"line":22,"column":2},"end":{"line":22,"column":56}},"10":{"start":{"line":22,"column":49},"end":{"line":22,"column":56}},"11":{"start":{"line":23,"column":2},"end":{"line":28,"column":5}},"12":{"start":{"line":26,"column":6},"end":{"line":26,"column":38}},"13":{"start":{"line":31,"column":26},"end":{"line":31,"column":59}},"14":{"start":{"line":33,"column":0},"end":{"line":41,"column":3}},"15":{"start":{"line":34,"column":2},"end":{"line":34,"column":56}},"16":{"start":{"line":34,"column":49},"end":{"line":34,"column":56}},"17":{"start":{"line":35,"column":2},"end":{"line":40,"column":5}},"18":{"start":{"line":38,"column":6},"end":{"line":38,"column":38}}},"fnMap":{"0":{"name":"(anonymous_0)","decl":{"start":{"line":9,"column":42},"end":{"line":9,"column":43}},"loc":{"start":{"line":9,"column":57},"end":{"line":17,"column":1}},"line":9},"1":{"name":"get","decl":{"start":{"line":13,"column":18},"end":{"line":13,"column":21}},"loc":{"start":{"line":13,"column":24},"end":{"line":15,"column":5}},"line":13},"2":{"name":"(anonymous_2)","decl":{"start":{"line":21,"column":41},"end":{"line":21,"column":42}},"loc":{"start":{"line":21,"column":56},"end":{"line":29,"column":1}},"line":21},"3":{"name":"get","decl":{"start":{"line":25,"column":18},"end":{"line":25,"column":21}},"loc":{"start":{"line":25,"column":24},"end":{"line":27,"column":5}},"line":25},"4":{"name":"(anonymous_4)","decl":{"start":{"line":33,"column":41},"end":{"line":33,"column":42}},"loc":{"start":{"line":33,"column":56},"end":{"line":41,"column":1}},"line":33},"5":{"name":"get","decl":{"start":{"line":37,"column":18},"end":{"line":37,"column":21}},"loc":{"start":{"line":37,"column":24},"end":{"line":39,"column":5}},"line":37}},"branchMap":{"0":{"loc":{"start":{"line":10,"column":2},"end":{"line":10,"column":56}},"type":"if","locations":[{"start":{"line":10,"column":2},"end":{"line":10,"column":56}},{"start":{"line":10,"column":2},"end":{"line":10,"column":56}}],"line":10},"1":{"loc":{"start":{"line":10,"column":6},"end":{"line":10,"column":47}},"type":"binary-expr","locations":[{"start":{"line":10,"column":6},"end":{"line":10,"column":23}},{"start":{"line":10,"column":27},"end":{"line":10,"column":47}}],"line":10},"2":{"loc":{"start":{"line":22,"column":2},"end":{"line":22,"column":56}},"type":"if","locations":[{"start":{"line":22,"column":2},"end":{"line":22,"column":56}},{"start":{"line":22,"column":2},"end":{"line":22,"column":56}}],"line":22},"3":{"loc":{"start":{"line":22,"column":6},"end":{"line":22,"column":47}},"type":"binary-expr","locations":[{"start":{"line":22,"column":6},"end":{"line":22,"column":23}},{"start":{"line":22,"column":27},"end":{"line":22,"column":47}}],"line":22},"4":{"loc":{"start":{"line":34,"column":2},"end":{"line":34,"column":56}},"type":"if","locations":[{"start":{"line":34,"column":2},"end":{"line":34,"column":56}},{"start":{"line":34,"column":2},"end":{"line":34,"column":56}}],"line":34},"5":{"loc":{"start":{"line":34,"column":6},"end":{"line":34,"column":47}},"type":"binary-expr","locations":[{"start":{"line":34,"column":6},"end":{"line":34,"column":23}},{"start":{"line":34,"column":27},"end":{"line":34,"column":47}}],"line":34}},"s":{"0":0,"1":0,"2":0,"3":0,"4":0,"5":0,"6":0,"7":0,"8":0,"9":0,"10":0,"11":0,"12":0,"13":0,"14":0,"15":0,"16":0,"17":0,"18":0},"f":{"0":0,"1":0,"2":0,"3":0,"4":0,"5":0},"b":{"0":[0,0],"1":[0,0],"2":[0,0],"3":[0,0],"4":[0,0],"5":[0,0]},"inputSourceMap":{"version":3,"sources":["action-types.js"],"names":[],"mappings":";;;;;;AAAA;;AAAA;AAAA;AAAA;AAAA;AAAA;AAAA;AAAA;AAAA;AAAA;;AACA;;AAAA;AAAA;AAAA;AAAA;AAAA;AAAA;AAAA;AAAA;AAAA;;AACA;;AAAA;AAAA;AAAA;AAAA;AAAA;AAAA;AAAA;AAAA;AAAA","sourceRoot":"C:\\Users\\Emmanuel\\Documents\\React_Projects\\Red-Tetris\\src\\client\\constants","sourcesContent":["export * from './piece-movements-types';\r\nexport * from './incoming-event-types';\r\nexport * from './outgoing-event-types';"]},"all":true},"C:\\Users\\Emmanuel\\Documents\\React_Projects\\Red-Tetris\\src\\client\\constants\\cell-types.js":{"path":"C:\\Users\\Emmanuel\\Documents\\React_Projects\\Red-Tetris\\src\\client\\constants\\cell-types.js","statementMap":{"0":{"start":{"line":3,"column":0},"end":{"line":5,"column":3}},"1":{"start":{"line":6,"column":0},"end":{"line":6,"column":58}},"2":{"start":{"line":7,"column":12},"end":{"line":7,"column":13}},"3":{"start":{"line":8,"column":0},"end":{"line":8,"column":22}},"4":{"start":{"line":9,"column":13},"end":{"line":9,"column":14}},"5":{"start":{"line":10,"column":0},"end":{"line":10,"column":24}},"6":{"start":{"line":11,"column":14},"end":{"line":11,"column":16}},"7":{"start":{"line":12,"column":0},"end":{"line":12,"column":26}}},"fnMap":{},"branchMap":{},"s":{"0":0,"1":0,"2":0,"3":0,"4":0,"5":0,"6":0,"7":0},"f":{},"b":{},"inputSourceMap":{"version":3,"sources":["cell-types.js"],"names":["EMPTY","FILLED","BLOCKED"],"mappings":";;;;;;AAAA,IAAMA,KAAK,GAAG,CAAd;;AAEA,IAAMC,MAAM,GAAG,CAAf;;AAEA,IAAMC,OAAO,GAAG,CAAC,CAAjB","sourceRoot":"C:\\Users\\Emmanuel\\Documents\\React_Projects\\Red-Tetris\\src\\client\\constants","sourcesContent":["const EMPTY = 0;\r\n\r\nconst FILLED = 1;\r\n\r\nconst BLOCKED = -1;\r\n\r\nexport { EMPTY, FILLED, BLOCKED };"]},"all":true},"C:\\Users\\Emmanuel\\Documents\\React_Projects\\Red-Tetris\\src\\client\\constants\\game-statuses.js":{"path":"C:\\Users\\Emmanuel\\Documents\\React_Projects\\Red-Tetris\\src\\client\\constants\\game-statuses.js","statementMap":{"0":{"start":{"line":3,"column":0},"end":{"line":5,"column":3}},"1":{"start":{"line":6,"column":0},"end":{"line":6,"column":63}},"2":{"start":{"line":7,"column":14},"end":{"line":7,"column":23}},"3":{"start":{"line":8,"column":0},"end":{"line":8,"column":26}},"4":{"start":{"line":9,"column":14},"end":{"line":9,"column":23}},"5":{"start":{"line":10,"column":0},"end":{"line":10,"column":26}},"6":{"start":{"line":11,"column":16},"end":{"line":11,"column":27}},"7":{"start":{"line":12,"column":0},"end":{"line":12,"column":30}}},"fnMap":{},"branchMap":{},"s":{"0":0,"1":0,"2":0,"3":0,"4":0,"5":0,"6":0,"7":0},"f":{},"b":{},"inputSourceMap":{"version":3,"sources":["game-statuses.js"],"names":["PENDING","RUNNING","COMPLETED"],"mappings":";;;;;;AAAA,IAAMA,OAAO,GAAG,SAAhB;;AAEA,IAAMC,OAAO,GAAG,SAAhB;;AAEA,IAAMC,SAAS,GAAG,WAAlB","sourceRoot":"C:\\Users\\Emmanuel\\Documents\\React_Projects\\Red-Tetris\\src\\client\\constants","sourcesContent":["const PENDING = 'pending';\n\nconst RUNNING = 'running';\n\nconst COMPLETED = 'completed';\n\nexport { PENDING, RUNNING, COMPLETED };\n"]},"all":true},"C:\\Users\\Emmanuel\\Documents\\React_Projects\\Red-Tetris\\src\\client\\constants\\incoming-event-types.js":{"path":"C:\\Users\\Emmanuel\\Documents\\React_Projects\\Red-Tetris\\src\\client\\constants\\incoming-event-types.js","statementMap":{"0":{"start":{"line":3,"column":0},"end":{"line":5,"column":3}},"1":{"start":{"line":6,"column":0},"end":{"line":6,"column":78}},"2":{"start":{"line":7,"column":19},"end":{"line":7,"column":32}},"3":{"start":{"line":8,"column":0},"end":{"line":8,"column":36}},"4":{"start":{"line":9,"column":23},"end":{"line":9,"column":39}},"5":{"start":{"line":10,"column":0},"end":{"line":10,"column":44}},"6":{"start":{"line":11,"column":17},"end":{"line":11,"column":28}},"7":{"start":{"line":12,"column":0},"end":{"line":12,"column":32}}},"fnMap":{},"branchMap":{},"s":{"0":0,"1":0,"2":0,"3":0,"4":0,"5":0,"6":0,"7":0},"f":{},"b":{},"inputSourceMap":{"version":3,"sources":["incoming-event-types.js"],"names":["UPDATE_STATE","ADD_BLOCKED_ROWS","USER_ERROR"],"mappings":";;;;;;AAAA,IAAMA,YAAY,GAAG,aAArB;;AAEA,IAAMC,gBAAgB,GAAG,gBAAzB;;AAEA,IAAMC,UAAU,GAAG,WAAnB","sourceRoot":"C:\\Users\\Emmanuel\\Documents\\React_Projects\\Red-Tetris\\src\\client\\constants","sourcesContent":["const UPDATE_STATE = 'updateState';\n\nconst ADD_BLOCKED_ROWS = 'addBlockedRows';\n\nconst USER_ERROR = 'userError';\n\nexport { UPDATE_STATE, ADD_BLOCKED_ROWS, USER_ERROR };\n"]},"all":true},"C:\\Users\\Emmanuel\\Documents\\React_Projects\\Red-Tetris\\src\\client\\constants\\outgoing-event-types.js":{"path":"C:\\Users\\Emmanuel\\Documents\\React_Projects\\Red-Tetris\\src\\client\\constants\\outgoing-event-types.js","statementMap":{"0":{"start":{"line":3,"column":0},"end":{"line":5,"column":3}},"1":{"start":{"line":6,"column":0},"end":{"line":6,"column":111}},"2":{"start":{"line":7,"column":16},"end":{"line":7,"column":26}},"3":{"start":{"line":8,"column":0},"end":{"line":8,"column":30}},"4":{"start":{"line":9,"column":17},"end":{"line":9,"column":28}},"5":{"start":{"line":10,"column":0},"end":{"line":10,"column":32}},"6":{"start":{"line":11,"column":16},"end":{"line":11,"column":26}},"7":{"start":{"line":12,"column":0},"end":{"line":12,"column":30}},"8":{"start":{"line":13,"column":18},"end":{"line":13,"column":30}},"9":{"start":{"line":14,"column":0},"end":{"line":14,"column":34}},"10":{"start":{"line":15,"column":17},"end":{"line":15,"column":28}},"11":{"start":{"line":16,"column":0},"end":{"line":16,"column":32}}},"fnMap":{},"branchMap":{},"s":{"0":0,"1":0,"2":0,"3":0,"4":0,"5":0,"6":0,"7":0,"8":0,"9":0,"10":0,"11":0},"f":{},"b":{},"inputSourceMap":{"version":3,"sources":["outgoing-event-types.js"],"names":["JOIN_ROOM","START_GAME","PUT_PIECE","FINISH_GAME","RESET_GAME"],"mappings":";;;;;;AAAA,IAAMA,SAAS,GAAG,UAAlB;;AAEA,IAAMC,UAAU,GAAG,WAAnB;;AAEA,IAAMC,SAAS,GAAG,UAAlB;;AAEA,IAAMC,WAAW,GAAG,YAApB;;AAEA,IAAMC,UAAU,GAAG,WAAnB","sourceRoot":"C:\\Users\\Emmanuel\\Documents\\React_Projects\\Red-Tetris\\src\\client\\constants","sourcesContent":["const JOIN_ROOM = 'joinRoom';\n\nconst START_GAME = 'startGame';\n\nconst PUT_PIECE = 'putPiece';\n\nconst FINISH_GAME = 'finishGame';\n\nconst RESET_GAME = 'resetGame';\n\nexport { JOIN_ROOM, START_GAME, PUT_PIECE, FINISH_GAME, RESET_GAME };\n"]},"all":true},"C:\\Users\\Emmanuel\\Documents\\React_Projects\\Red-Tetris\\src\\client\\constants\\piece-movements-types.js":{"path":"C:\\Users\\Emmanuel\\Documents\\React_Projects\\Red-Tetris\\src\\client\\constants\\piece-movements-types.js","statementMap":{"0":{"start":{"line":3,"column":0},"end":{"line":5,"column":3}},"1":{"start":{"line":6,"column":0},"end":{"line":6,"column":135}},"2":{"start":{"line":7,"column":19},"end":{"line":7,"column":32}},"3":{"start":{"line":8,"column":0},"end":{"line":8,"column":36}},"4":{"start":{"line":9,"column":23},"end":{"line":9,"column":39}},"5":{"start":{"line":10,"column":0},"end":{"line":10,"column":44}},"6":{"start":{"line":11,"column":22},"end":{"line":11,"column":37}},"7":{"start":{"line":12,"column":0},"end":{"line":12,"column":42}},"8":{"start":{"line":13,"column":22},"end":{"line":13,"column":37}},"9":{"start":{"line":14,"column":0},"end":{"line":14,"column":42}},"10":{"start":{"line":15,"column":22},"end":{"line":15,"column":37}},"11":{"start":{"line":16,"column":0},"end":{"line":16,"column":42}}},"fnMap":{},"branchMap":{},"s":{"0":0,"1":0,"2":0,"3":0,"4":0,"5":0,"6":0,"7":0,"8":0,"9":0,"10":0,"11":0},"f":{},"b":{},"inputSourceMap":{"version":3,"sources":["piece-movements-types.js"],"names":["ROTATE_PIECE","MOVE_PIECE_RIGHT","MOVE_PIECE_DOWN","MOVE_PIECE_LEFT","DROP_PIECE_DOWN"],"mappings":";;;;;;AAAA,IAAMA,YAAY,GAAG,aAArB;;AAEA,IAAMC,gBAAgB,GAAG,gBAAzB;;AAEA,IAAMC,eAAe,GAAG,eAAxB;;AAEA,IAAMC,eAAe,GAAG,eAAxB;;AAEA,IAAMC,eAAe,GAAG,eAAxB","sourceRoot":"C:\\Users\\Emmanuel\\Documents\\React_Projects\\Red-Tetris\\src\\client\\constants","sourcesContent":["const ROTATE_PIECE = 'rotatePiece';\n\nconst MOVE_PIECE_RIGHT = 'movePieceRight';\n\nconst MOVE_PIECE_DOWN = 'movePieceDown';\n\nconst MOVE_PIECE_LEFT = 'movePieceLeft';\n\nconst DROP_PIECE_DOWN = 'dropPieceDown';\n\nexport { ROTATE_PIECE, MOVE_PIECE_RIGHT, MOVE_PIECE_DOWN, MOVE_PIECE_LEFT, DROP_PIECE_DOWN };\n"]},"all":true},"C:\\Users\\Emmanuel\\Documents\\React_Projects\\Red-Tetris\\src\\client\\constants\\piece-statuses.js":{"path":"C:\\Users\\Emmanuel\\Documents\\React_Projects\\Red-Tetris\\src\\client\\constants\\piece-statuses.js","statementMap":{"0":{"start":{"line":3,"column":0},"end":{"line":5,"column":3}},"1":{"start":{"line":6,"column":0},"end":{"line":6,"column":69}},"2":{"start":{"line":7,"column":14},"end":{"line":7,"column":23}},"3":{"start":{"line":8,"column":0},"end":{"line":8,"column":26}},"4":{"start":{"line":9,"column":13},"end":{"line":9,"column":21}},"5":{"start":{"line":10,"column":0},"end":{"line":10,"column":24}},"6":{"start":{"line":11,"column":23},"end":{"line":11,"column":39}},"7":{"start":{"line":12,"column":0},"end":{"line":12,"column":44}}},"fnMap":{},"branchMap":{},"s":{"0":0,"1":0,"2":0,"3":0,"4":0,"5":0,"6":0,"7":0},"f":{},"b":{},"inputSourceMap":{"version":3,"sources":["piece-statuses.js"],"names":["FALLING","PLACED","CANNOT_BE_PLACED"],"mappings":";;;;;;AAAA,IAAMA,OAAO,GAAG,SAAhB;;AAEA,IAAMC,MAAM,GAAG,QAAf;;AAEA,IAAMC,gBAAgB,GAAG,gBAAzB","sourceRoot":"C:\\Users\\Emmanuel\\Documents\\React_Projects\\Red-Tetris\\src\\client\\constants","sourcesContent":["const FALLING = 'falling';\n\nconst PLACED = 'placed';\n\nconst CANNOT_BE_PLACED = 'cannotBePlaced';\n\nexport { FALLING, PLACED, CANNOT_BE_PLACED };\n"]},"all":true},"C:\\Users\\Emmanuel\\Documents\\React_Projects\\Red-Tetris\\src\\client\\constants\\player-statuses.js":{"path":"C:\\Users\\Emmanuel\\Documents\\React_Projects\\Red-Tetris\\src\\client\\constants\\player-statuses.js","statementMap":{"0":{"start":{"line":3,"column":0},"end":{"line":5,"column":3}},"1":{"start":{"line"
[...]
mn":131}},"type":"if","locations":[{"start":{"line":20,"column":62},"end":{"line":20,"column":131}},{"start":{"line":20,"column":62},"end":{"line":20,"column":131}}],"line":20},"4":{"loc":{"start":{"line":20,"column":132},"end":{"line":20,"column":193}},"type":"if","locations":[{"start":{"line":20,"column":132},"end":{"line":20,"column":193}},{"start":{"line":20,"column":132},"end":{"line":20,"column":193}}],"line":20},"5":{"loc":{"start":{"line":29,"column":13},"end":{"line":33,"column":11}},"type":"binary-expr","locations":[{"start":{"line":29,"column":13},"end":{"line":33,"column":6}},{"start":{"line":33,"column":10},"end":{"line":33,"column":11}}],"line":29}},"s":{"0":0,"1":0,"2":0,"3":0,"4":0,"5":0,"6":0,"7":0,"8":0,"9":0,"10":0,"11":0,"12":0,"13":0,"14":0,"15":0,"16":0,"17":0,"18":0,"19":0,"20":0,"21":0,"22":0,"23":0,"24":0,"25":0,"26":0,"27":0,"28":0,"29":0,"30":0,"31":0,"32":0,"33":0,"34":0,"35":0,"36":0},"f":{"0":0,"1":0,"2":0,"3":0,"4":0,"5":0,"6":0,"7":0},"b":{"0":[0,0],"1":[0,0],"2":[0,0],"3":[0,0],"4":[0,0],"5":[0,0]},"inputSourceMap":{"version":3,"sources":["piece.js"],"names":["Piece","blocks","pieces","length","y","findIndex","row","some","cell","EMPTY","x","status","FALLING","number","i","push"],"mappings":";;;;;;;AAAA;;AACA;;AACA;;AACA;;;;;;;;IAEMA,K;;;AACJ,mBAAc;AAAA;;AACZ,SAAKC,MAAL,GAAcC,eAAO,oBAAOA,eAAOC,MAAP,GAAgB,CAAvB,CAAP,CAAd;AACA,SAAKC,CAAL,GAAS,CAAC,KAAKH,MAAL,CAAYI,SAAZ,CAAsB,UAAAC,GAAG;AAAA,aAAIA,GAAG,CAACC,IAAJ,CAAS,UAAAC,IAAI;AAAA,eAAIA,IAAI,KAAKC,gBAAb;AAAA,OAAb,CAAJ;AAAA,KAAzB,CAAD,IAAmE,CAA5E;AACA,SAAKC,CAAL,GAAS,CAAT;AACA,SAAKC,MAAL,GAAcC,sBAAd;AACD;;;;mCAEqBC,M,EAAQ;AAC5B,UAAMX,MAAM,GAAG,EAAf;;AACA,WAAK,IAAIY,CAAC,GAAG,CAAb,EAAgBA,CAAC,GAAGD,MAApB,EAA4BC,CAAC,EAA7B,EAAiC;AAC/BZ,QAAAA,MAAM,CAACa,IAAP,CAAY,IAAIf,KAAJ,EAAZ;AACD;;AACD,aAAOE,MAAP;AACD","sourceRoot":"C:\\Users\\Emmanuel\\Documents\\React_Projects\\Red-Tetris\\src\\server\\models","sourcesContent":["import { pieces } from '../constants/pieces';\nimport { FALLING } from '../constants/piece-statuses';\nimport { EMPTY } from '../constants/cell-types';\nimport { random } from 'lodash';\n\nclass Piece {\n  constructor() {\n    this.blocks = pieces[random(pieces.length - 1)];\n    this.y = -this.blocks.findIndex(row => row.some(cell => cell !== EMPTY)) || 0;\n    this.x = 0;\n    this.status = FALLING;\n  }\n\n  static generatePieces(number) {\n    const pieces = [];\n    for (let i = 0; i < number; i++) {\n      pieces.push(new Piece());\n    }\n    return pieces;\n  }\n}\n\nexport { Piece };\n"]},"all":true},"C:\\Users\\Emmanuel\\Documents\\React_Projects\\Red-Tetris\\src\\server\\models\\player.js":{"path":"C:\\Users\\Emmanuel\\Documents\\React_Projects\\Red-Tetris\\src\\server\\models\\player.js","statementMap":{"0":{"start":{"line":3,"column":0},"end":{"line":5,"column":3}},"1":{"start":{"line":6,"column":0},"end":{"line":6,"column":24}},"2":{"start":{"line":8,"column":12},"end":{"line":8,"column":29}},"3":{"start":{"line":10,"column":13},"end":{"line":10,"column":31}},"4":{"start":{"line":12,"column":22},"end":{"line":12,"column":61}},"5":{"start":{"line":14,"column":14},"end":{"line":14,"column":31}},"6":{"start":{"line":16,"column":35},"end":{"line":16,"column":115}},"7":{"start":{"line":18,"column":32},"end":{"line":18,"column":103}},"8":{"start":{"line":20,"column":34},"end":{"line":20,"column":160}},"9":{"start":{"line":20,"column":136},"end":{"line":20,"column":160}},"10":{"start":{"line":22,"column":35},"end":{"line":22,"column":164}},"11":{"start":{"line":22,"column":61},"end":{"line":22,"column":149}},"12":{"start":{"line":22,"column":74},"end":{"line":22,"column":75}},"13":{"start":{"line":22,"column":84},"end":{"line":22,"column":105}},"14":{"start":{"line":22,"column":130},"end":{"line":22,"column":147}},"15":{"start":{"line":22,"column":150},"end":{"line":22,"column":162}},"16":{"start":{"line":24,"column":50},"end":{"line":24,"column":151}},"17":{"start":{"line":24,"column":92},"end":{"line":24,"column":149}},"18":{"start":{"line":26,"column":44},"end":{"line":26,"column":315}},"19":{"start":{"line":26,"column":57},"end":{"line":26,"column":58}},"20":{"start":{"line":26,"column":102},"end":{"line":26,"column":110}},"21":{"start":{"line":26,"column":112},"end":{"line":26,"column":167}},"22":{"start":{"line":26,"column":168},"end":{"line":26,"column":199}},"23":{"start":{"line":26,"column":200},"end":{"line":26,"column":254}},"24":{"start":{"line":26,"column":227},"end":{"line":26,"column":254}},"25":{"start":{"line":26,"column":255},"end":{"line":26,"column":313}},"26":{"start":{"line":28,"column":62},"end":{"line":28,"column":131}},"27":{"start":{"line":28,"column":78},"end":{"line":28,"column":131}},"28":{"start":{"line":28,"column":132},"end":{"line":28,"column":193}},"29":{"start":{"line":28,"column":149},"end":{"line":28,"column":193}},"30":{"start":{"line":28,"column":194},"end":{"line":28,"column":213}},"31":{"start":{"line":32,"column":0},"end":{"line":102,"column":3}},"32":{"start":{"line":34,"column":15},"end":{"line":34,"column":24}},"33":{"start":{"line":35,"column":18},"end":{"line":35,"column":30}},"34":{"start":{"line":37,"column":4},"end":{"line":37,"column":34}},"35":{"start":{"line":39,"column":4},"end":{"line":39,"column":17}},"36":{"start":{"line":40,"column":4},"end":{"line":40,"column":21}},"37":{"start":{"line":41,"column":4},"end":{"line":41,"column":25}},"38":{"start":{"line":42,"column":4},"end":{"line":42,"column":25}},"39":{"start":{"line":43,"column":4},"end":{"line":43,"column":42}},"40":{"start":{"line":44,"column":4},"end":{"line":44,"column":19}},"41":{"start":{"line":45,"column":4},"end":{"line":45,"column":21}},"42":{"start":{"line":46,"column":4},"end":{"line":46,"column":31}},"43":{"start":{"line":47,"column":4},"end":{"line":47,"column":49}},"44":{"start":{"line":50,"column":2},"end":{"line":99,"column":6}},"45":{"start":{"line":53,"column":18},"end":{"line":53,"column":22}},"46":{"start":{"line":55,"column":26},"end":{"line":60,"column":8}},"47":{"start":{"line":56,"column":8},"end":{"line":59,"column":11}},"48":{"start":{"line":61,"column":6},"end":{"line":61,"column":98}},"49":{"start":{"line":66,"column":6},"end":{"line":66,"column":45}},"50":{"start":{"line":71,"column":6},"end":{"line":73,"column":7}},"51":{"start":{"line":72,"column":8},"end":{"line":72,"column":33}},"52":{"start":{"line":78,"column":6},"end":{"line":78,"column":33}},"53":{"start":{"line":79,"column":31},"end":{"line":79,"column":59}},"54":{"start":{"line":80,"column":6},"end":{"line":80,"column":60}},"55":{"start":{"line":81,"column":6},"end":{"line":81,"column":30}},"56":{"start":{"line":82,"column":6},"end":{"line":82,"column":31}},"57":{"start":{"line":83,"column":6},"end":{"line":83,"column":32}},"58":{"start":{"line":88,"column":6},"end":{"line":88,"column":44}},"59":{"start":{"line":89,"column":6},"end":{"line":89,"column":21}},"60":{"start":{"line":90,"column":6},"end":{"line":90,"column":23}},"61":{"start":{"line":91,"column":6},"end":{"line":91,"column":33}},"62":{"start":{"line":92,"column":6},"end":{"line":92,"column":25}},"63":{"start":{"line":97,"column":6},"end":{"line":97,"column":28}},"64":{"start":{"line":101,"column":2},"end":{"line":101,"column":16}},"65":{"start":{"line":104,"column":0},"end":{"line":104,"column":24}}},"fnMap":{"0":{"name":"_toConsumableArray","decl":{"start":{"line":16,"column":9},"end":{"line":16,"column":27}},"loc":{"start":{"line":16,"column":33},"end":{"line":16,"column":117}},"line":16},"1":{"name":"_nonIterableSpread","decl":{"start":{"line":18,"column":9},"end":{"line":18,"column":27}},"loc":{"start":{"line":18,"column":30},"end":{"line":18,"column":105}},"line":18},"2":{"name":"_iterableToArray","decl":{"start":{"line":20,"column":9},"end":{"line":20,"column":25}},"loc":{"start":{"line":20,"column":32},"end":{"line":20,"column":162}},"line":20},"3":{"name":"_arrayWithoutHoles","decl":{"start":{"line":22,"column":9},"end":{"line":22,"column":27}},"loc":{"start":{"line":22,"column":33},"end":{"line":22,"column":166}},"line":22},"4":{"name":"_classCallCheck","decl":{"start":{"line":24,"column":9},"end":{"line":24,"column":24}},"loc":{"start":{"line":24,"column":48},"end":{"line":24,"column":153}},"line":24},"5":{"name":"_defineProperties","decl":{"start":{"line":26,"column":9},"end":{"line":26,"column":26}},"loc":{"start":{"line":26,"column":42},"end":{"line":26,"column":317}},"line":26},"6":{"name":"_createClass","decl":{"start":{"line":28,"column":9},"end":{"line":28,"column":21}},"loc":{"start":{"line":28,"column":60},"end":{"line":28,"column":215}},"line":28},"7":{"name":"(anonymous_7)","decl":{"start":{"line":32,"column":0},"end":{"line":32,"column":1}},"loc":{"start":{"line":32,"column":12},"end":{"line":102,"column":1}},"line":32},"8":{"name":"Player","decl":{"start":{"line":33,"column":11},"end":{"line":33,"column":17}},"loc":{"start":{"line":33,"column":34},"end":{"line":48,"column":3}},"line":33},"9":{"name":"addPieces","decl":{"start":{"line":52,"column":20},"end":{"line":52,"column":29}},"loc":{"start":{"line":52,"column":38},"end":{"line":62,"column":5}},"line":52},"10":{"name":"(anonymous_10)","decl":{"start":{"line":55,"column":37},"end":{"line":55,"column":38}},"loc":{"start":{"line":55,"column":61},"end":{"line":60,"column":7}},"line":55},"11":{"name":"getNextPieces","decl":{"start":{"line":65,"column":20},"end":{"line":65,"column":33}},"loc":{"start":{"line":65,"column":41},"end":{"line":67,"column":5}},"line":65},"12":{"name":"updateActivePiece","decl":{"start":{"line":70,"column":20},"end":{"line":70,"column":37}},"loc":{"start":{"line":70,"column":40},"end":{"line":74,"column":5}},"line":70},"13":{"name":"putPiece","decl":{"start":{"line":77,"column":20},"end":{"line":77,"column":28}},"loc":{"start":{"line":77,"column":36},"end":{"line":84,"column":5}},"line":77},"14":{"name":"reset","decl":{"start":{"line":87,"column":20},"end":{"line":87,"column":25}},"loc":{"start":{"line":87,"column":28},"end":{"line":93,"column":5}},"line":87},"15":{"name":"get","decl":{"start":{"line":96,"column":18},"end":{"line":96,"column":21}},"loc":{"start":{"line":96,"column":24},"end":{"line":98,"column":5}},"line":96}},"branchMap":{"0":{"loc":{"start":{"line":16,"column":42},"end":{"line":16,"column":114}},"type":"binary-expr","locations":[{"start":{"line":16,"column":42},"end":{"line":16,"column":65}},{"start":{"line":16,"column":69},"end":{"line":16,"column":90}},{"start":{"line":16,"column":94},"end":{"line":16,"column":114}}],"line":16},"1":{"loc":{"start":{"line":20,"column":34},"end":{"line":20,"column":160}},"type":"if","locations":[{"start":{"line":20,"column":34},"end":{"line":20,"column":160}},{"start":{"line":20,"column":34},"end":{"line":20,"column":160}}],"line":20},"2":{"loc":{"start":{"line":20,"column":38},"end":{"line":20,"column":134}},"type":"binary-expr","locations":[{"start":{"line":20,"column":38},"end":{"line":20,"column":69}},{"start":{"line":20,"column":73},"end":{"line":20,"column":134}}],"line":20},"3":{"loc":{"start":{"line":22,"column":35},"end":{"line":22,"column":164}},"type":"if","locations":[{"start":{"line":22,"column":35},"end":{"line":22,"column":164}},{"start":{"line":22,"column":35},"end":{"line":22,"column":164}}],"line":22},"4":{"loc":{"start":{"line":24,"column":50},"end":{"line":24,"column":151}},"type":"if","locations":[{"start":{"line":24,"column":50},"end":{"line":24,"column":151}},{"start":{"line":24,"column":50},"end":{"line":24,"column":151}}],"line":24},"5":{"loc":{"start":{"line":26,"column":136},"end":{"line":26,"column":166}},"type":"binary-expr","locations":[{"start":{"line":26,"column":136},"end":{"line":26,"column":157}},{"start":{"line":26,"column":161},"end":{"line":26,"column":166}}],"line":26},"6":{"loc":{"start":{"line":26,"column":200},"end":{"line":26,"column":254}},"type":"if","locations":[{"start":{"line":26,"column":200},"end":{"line":26,"column":254}},{"start":{"line":26,"column":200},"end":{"line":26,"column":254}}],"line":26},"7":{"loc":{"start":{"line":28,"column":62},"end":{"line":28,"column":131}},"type":"if","locations":[{"start":{"line":28,"column":62},"end":{"line":28,"column":131}},{"start":{"line":28,"column":62},"end":{"line":28,"column":131}}],"line":28},"8":{"loc":{"start":{"line":28,"column":132},"end":{"line":28,"column":193}},"type":"if","locations":[{"start":{"line":28,"column":132},"end":{"line":28,"column":193}},{"start":{"line":28,"column":132},"end":{"line":28,"column":193}}],"line":28},"9":{"loc":{"start":{"line":71,"column":6},"end":{"line":73,"column":7}},"type":"if","locations":[{"start":{"line":71,"column":6},"end":{"line":73,"column":7}},{"start":{"line":71,"column":6},"end":{"line":73,"column":7}}],"line":71}},"s":{"0":0,"1":0,"2":0,"3":0,"4":0,"5":0,"6":0,"7":0,"8":0,"9":0,"10":0,"11":0,"12":0,"13":0,"14":0,"15":0,"16":0,"17":0,"18":0,"19":0,"20":0,"21":0,"22":0,"23":0,"24":0,"25":0,"26":0,"27":0,"28":0,"29":0,"30":0,"31":0,"32":0,"33":0,"34":0,"35":0,"36":0,"37":0,"38":0,"39":0,"40":0,"41":0,"42":0,"43":0,"44":0,"45":0,"46":0,"47":0,"48":0,"49":0,"50":0,"51":0,"52":0,"53":0,"54":0,"55":0,"56":0,"57":0,"58":0,"59":0,"60":0,"61":0,"62":0,"63":0,"64":0,"65":0},"f":{"0":0,"1":0,"2":0,"3":0,"4":0,"5":0,"6":0,"7":0,"8":0,"9":0,"10":0,"11":0,"12":0,"13":0,"14":0,"15":0},"b":{"0":[0,0,0],"1":[0,0],"2":[0,0],"3":[0,0],"4":[0,0],"5":[0,0],"6":[0,0],"7":[0,0],"8":[0,0],"9":[0,0]},"inputSourceMap":{"version":3,"sources":["player.js"],"names":["Player","id","name","rows","columns","roomName","isAdmin","status","WAITING","score","pieces","placedPiecesCount","board","Board","indexedPieces","map","piece","index","Object","assign","length","x","Math","floor","blocks","count","slice","shift","putPiece","numberOfFilledRows","countFilledRows","Game","getScore","clearBoard","updateActivePiece","reset"],"mappings":";;;;;;;AAAA;;AACA;;AACA;;AACA;;;;;;;;;;;;;;;;IAEMA,M;;;AACJ,kBAAYC,EAAZ,EAAgBC,IAAhB,QAAyC;AAAA,QAAjBC,IAAiB,QAAjBA,IAAiB;AAAA,QAAXC,OAAW,QAAXA,OAAW;;AAAA;;AACvC,SAAKH,EAAL,GAAUA,EAAV;AACA,SAAKC,IAAL,GAAYA,IAAZ;AACA,SAAKG,QAAL,GAAgB,IAAhB;AACA,SAAKC,OAAL,GAAe,KAAf;AACA,SAAKC,MAAL,GAAcC,uBAAd;AACA,SAAKC,KAAL,GAAa,CAAb;AACA,SAAKC,MAAL,GAAc,EAAd;AACA,SAAKC,iBAAL,GAAyB,CAAzB;AACA,SAAKC,KAAL,GAAa,IAAIC,YAAJ,CAAUV,IAAV,EAAgBC,OAAhB,CAAb;AACD;;;;8BAESM,M,EAAQ;AAAA;;AAChB,UAAMI,aAAa,GAAGJ,MAAM,CAACK,GAAP,CAAW,UAACC,KAAD,EAAQC,KAAR,EAAkB;AACjD,eAAOC,MAAM,CAACC,MAAP,CAAc,uBAAMH,KAAN,CAAd,EAA4B;AACjCC,UAAAA,KAAK,EAAE,KAAI,CAACN,iBAAL,GAAyB,KAAI,CAACD,MAAL,CAAYU,MAArC,GAA8CH,KADpB;AAEjCI,UAAAA,CAAC,EAAEC,IAAI,CAACC,KAAL,CAAW,CAAC,KAAI,CAACX,KAAL,CAAWY,MAAX,CAAkB,CAAlB,EAAqBJ,MAArB,GAA8BJ,KAAK,CAACQ,MAAN,CAAa,CAAb,EAAgBJ,MAA/C,IAAyD,CAApE;AAF8B,SAA5B,CAAP;AAID,OALqB,CAAtB;AAMA,WAAKV,MAAL,gCAAkB,KAAKA,MAAvB,sBAAkCI,aAAlC;AACD;;;kCAMaW,K,EAAO;AACnB,aAAO,KAAKf,MAAL,CAAYgB,KAAZ,CAAkB,CAAlB,EAAqB,IAAID,KAAzB,CAAP;AACD;;;wCAEmB;AAClB,UAAI,KAAKf,MAAL,CAAYiB,KAAZ,EAAJ,EAAyB;AACvB,aAAKhB,iBAAL;AACD;AACF;;;6BAEQK,K,EAAO;AACd,WAAKJ,KAAL,CAAWgB,QAAX,CAAoBZ,KAApB;AACA,UAAMa,kBAAkB,GAAG,KAAKjB,KAAL,CAAWkB,eAAX,EAA3B;AAEA,WAAKrB,KAAL,IAAcsB,WAAKC,QAAL,CAAcH,kBAAd,CAAd;AACA,WAAKjB,KAAL,CAAWqB,UAAX;AACA,WAAKC,iBAAL;AAEA,aAAOL,kBAAP;AACD;;;4BAEO;AACN,WAAKtB,MAAL,GAAcC,uBAAd;AACA,WAAKC,KAAL,GAAa,CAAb;AACA,WAAKC,MAAL,GAAc,EAAd;AACA,WAAKC,iBAAL,GAAyB,CAAzB;AACA,WAAKC,KAAL,CAAWuB,KAAX;AACD;;;wBA/BiB;AAChB,aAAO,KAAKzB,MAAL,CAAY,CAAZ,CAAP;AACD","sourceRoot":"C:\\Users\\Emmanuel\\Documents\\React_Projects\\Red-Tetris\\src\\server\\models","sourcesContent":["import { Game } from './game';\nimport { Board } from './board';\nimport { WAITING } from '../constants/player-statuses';\nimport { cloneDeep as clone } from 'lodash';\n\nclass Player {\n  constructor(id, name, { rows, columns }) {\n    this.id = id;\n    this.name = name;\n    this.roomName = null;\n    this.isAdmin = false;\n    this.status = WAITING;\n    this.score = 0;\n    this.pieces = [];\n    this.placedPiecesCount = 0;\n    this.board = new Board(rows, columns);\n  }\n\n  addPieces(pieces) {\n    const indexedPieces = pieces.map((piece, index) => {\n      return Object.assign(clone(piece), {\n        index: this.placedPiecesCount + this.pieces.length + index,\n        x: Math.floor((this.board.blocks[0].length - piece.blocks[0].length) / 2),\n      });\n    });\n    this.pieces = [...this.pieces, ...indexedPieces];\n  }\n\n  get activePiece() {\n    return this.pieces[0];\n  }\n\n  getNextPieces(count) {\n    return this.pieces.slice(1, 1 + count);\n  }\n\n  updateActivePiece() {\n    if (this.pieces.shift()) {\n      this.placedPiecesCount++;\n    }\n  }\n\n  putPiece(piece) {\n    this.board.putPiece(piece);\n    const numberOfFilledRows = this.board.countFilledRows();\n\n    this.score += Game.getScore(numberOfFilledRows);\n    this.board.clearBoard();\n    this.updateActivePiece();\n\n    return numberOfFilledRows;\n  }\n\n  reset() {\n    this.status = WAITING;\n    this.score = 0;\n    this.pieces = [];\n    this.placedPiecesCount = 0;\n    this.board.reset();\n  }\n}\n\nexport { Player };\n"]},"all":true},"C:\\Users\\Emmanuel\\Documents\\React_Projects\\Red-Tetris\\src\\server\\schemas\\piece.js":{"path":"C:\\Users\\Emmanuel\\Documents\\React_Projects\\Red-Tetris\\src\\server\\schemas\\piece.js","statementMap":{"0":{"start":{"line":3,"column":0},"end":{"line":5,"column":3}},"1":{"start":{"line":6,"column":0},"end":{"line":6,"column":29}},"2":{"start":{"line":8,"column":11},"end":{"line":8,"column":55}},"3":{"start":{"line":10,"column":21},"end":{"line":10,"column":59}},"4":{"start":{"line":12,"column":17},"end":{"line":12,"column":51}},"5":{"start":{"line":14,"column":39},"end":{"line":14,"column":93}},"6":{"start":{"line":16,"column":18},"end":{"line":22,"column":2}},"7":{"start":{"line":24,"column":0},"end":{"line":24,"column":34}}},"fnMap":{"0":{"name":"_interopRequireDefault","decl":{"start":{"line":14,"column":9},"end":{"line":14,"column":31}},"loc":{"start":{"line":14,"column":37},"end":{"line":14,"column":95}},"line":14}},"branchMap":{"0":{"loc":{"start":{"line":14,"column":46},"end":{"line":14,"column":92}},"type":"cond-expr","locations":[{"start":{"line":14,"column":70},"end":{"line":14,"column":73}},{"start":{"line":14,"column":76},"end":{"line":14,"column":92}}],"line":14},"1":{"loc":{"start":{"line":14,"column":46},"end":{"line":14,"column":67}},"type":"binary-expr","locations":[{"start":{"line":14,"column":46},"end":{"line":14,"column":49}},{"start":{"line":14,"column":53},"end":{"line":14,"column":67}}],"line":14}},"s":{"0":0,"1":0,"2":0,"3":0,"4":0,"5":0,"6":0,"7":0},"f":{"0":0},"b":{"0":[0,0],"1":[0,0]},"inputSourceMap":{"version":3,"sources":["piece.js"],"names":["pieceSchema","Joi","object","index","number","integer","min","required","status","string","valid","PLACED","x","y","blocks","array","items","EMPTY","FILLED"],"mappings":";;;;;;;AAAA;;AACA;;AACA;;;;AAEA,IAAMA,WAAW,GAAGC,aAAIC,MAAJ,CAAW;AAC7BC,EAAAA,KAAK,EAAEF,aAAIG,MAAJ,GACJC,OADI,GAEJC,GAFI,CAEA,CAFA,EAGJC,QAHI,EADsB;AAK7BC,EAAAA,MAAM,EAAEP,aAAIQ,MAAJ,GACLC,KADK,CACCC,qBADD,EAELJ,QAFK,EALqB;AAQ7BK,EAAAA,CAAC,EAAEX,aAAIG,MAAJ,GACAC,OADA,GAEAE,QAFA,EAR0B;AAW7BM,EAAAA,CAAC,EAAEZ,aAAIG,MAAJ,GACAC,OADA,GAEAE,QAFA,EAX0B;AAc7BO,EAAAA,MAAM,EAAEb,aAAIc,KAAJ,GACLC,KADK,CACCf,aAAIc,KAAJ,GAAYC,KAAZ,CAAkBf,aAAIG,MAAJ,GAAaM,KAAb,CAAmBO,gBAAnB,EAA0BC,iBAA1B,CAAlB,CADD,EAELX,QAFK;AAdqB,CAAX,CAApB","sourceRoot":"C:\\Users\\Emmanuel\\Documents\\React_Projects\\Red-Tetris\\src\\server\\schemas","sourcesContent":["import Joi from '@hapi/joi';\nimport { PLACED } from '../constants/piece-statuses';\nimport { EMPTY, FILLED } from '../constants/cell-types';\n\nconst pieceSchema = Joi.object({\n  index: Joi.number()\n    .integer()\n    .min(0)\n    .required(),\n  status: Joi.string()\n    .valid(PLACED)\n    .required(),\n  x: Joi.number()\n    .integer()\n    .required(),\n  y: Joi.number()\n    .integer()\n    .required(),\n  blocks: Joi.array()\n    .items(Joi.array().items(Joi.number().valid(EMPTY, FILLED)))\n    .required(),\n});\n\nexport { pieceSchema };\n"]},"all":true}}